#
# A fatal error has been detected by the Java Runtime Environment:
#
#  SIGSEGV (0xb) at pc=0x00007ff812e28e2b, pid=1675, tid=23047
#
# JRE version: OpenJDK Runtime Environment Temurin-16.0.2+7 (16.0.2+7) (build 16.0.2+7)
# Java VM: OpenJDK 64-Bit Server VM Temurin-16.0.2+7 (16.0.2+7, mixed mode, sharing, tiered, compressed oops, compressed class ptrs, g1 gc, bsd-amd64)
# Problematic frame:
# C  [libsystem_kernel.dylib+0xe2b]  mach_msg+0x3b
#
# No core dump will be written. Core dumps have been disabled. To enable core dumping, try "ulimit -c unlimited" before starting Java again
#
# If you would like to submit a bug report, please visit:
#   https://github.com/adoptium/adoptium-support/issues
#

---------------  S U M M A R Y ------------

Command Line: -XX:+ShowCodeDetailsInExceptionMessages M04

Host: MacBookPro17,1 x86_64 2400 MHz, 8 cores, 16G, Darwin 21.1.0, macOS 10.16 (21A559)
Time: Tue Jun 28 11:28:29 2022 BST elapsed time: 3.673094 seconds (0d 0h 0m 3s)

---------------  T H R E A D  ---------------

Current thread is native thread

Stack: [0x000000030d405000,0x000000030d488000],  sp=0x000000030d483560,  free space=505k
Native frames: (J=compiled Java code, A=aot compiled Java code, j=interpreted, Vv=VM code, C=native code)
C  [libsystem_kernel.dylib+0xe2b]  mach_msg+0x3b
C  [libdispatch.dylib+0x1a5ad]  _dispatch_mach_send_and_wait_for_reply+0x202
C  [libdispatch.dylib+0x1a9a0]  dispatch_mach_send_with_result_and_wait_for_reply+0x32
C  [libxpc.dylib+0xb707]  xpc_connection_send_message_with_reply_sync+0xee
C  [libCoreVMClient.dylib+0x1695]  cvms_element_build_and_get_internal+0xe5
C  [libCoreVMClient.dylib+0x159d]  cvms_element_build_from_source+0xac
C  [libCVMSPluginSupport.dylib+0x201d]  _Z26cvm_deferred_build_modularPv+0x1a6
C  [libdispatch.dylib+0x2cc9]  _dispatch_client_callout+0x8
C  [libdispatch.dylib+0x8cee]  _dispatch_lane_serial_drain+0x2b8
C  [libdispatch.dylib+0x97c8]  _dispatch_lane_invoke+0x16e
C  [libdispatch.dylib+0x137e1]  _dispatch_workloop_worker_thread+0x2f6
C  [libsystem_pthread.dylib+0x308f]  _pthread_wqthread+0x146
C  [libsystem_pthread.dylib+0x201b]  start_wqthread+0xf


siginfo: si_signo: 11 (SIGSEGV), si_code: 1 (SEGV_MAPERR), si_addr: 0x00000001393d7570

Registers:
RAX=0x0000000000000000, RBX=0x000000000700420e, RCX=0x0000000000004000, RDX=0x000000000700420e
RSP=0x000000030d483560, RBP=0x000000030d4835b0, RSI=0x000000000700420e, RDI=0x000000030d4835d0
R8 =0x000000000000a403, R9 =0x0000000000000000, R10=0x0000000000004000, R11=0x0000000000100231
R12=0x0000000000004000, R13=0x000000000700420e, R14=0x000000030d4835d0, R15=0x0000000000000000
RIP=0x00007ff812e28e2b, EFLAGS=0x0000000000000216, ERR=0x0000000000000004
  TRAPNO=0x000000000000000e

Top of Stack: (sp=0x000000030d483560)
0x000000030d483560:   00007ff80000e103 0000000000000130
0x000000030d483570:   000000030d4835b0 0000000012c9ab8f
0x000000030d483580:   0000a40300000010 0000000000000000
0x000000030d483590:   000000030d4835d0 000000000700420e
0x000000030d4835a0:   0000000000000000 0000000000004000
0x000000030d4835b0:   000000030d4876d0 00007ff812cc35ad
0x000000030d4835c0:   000000000000e103 000000000000011c
0x000000030d4835d0:   0000005400001200 0000a40300000000
0x000000030d4835e0:   2000000000000000 0000000540585043
0x000000030d4835f0:   0000002c0000f000 6f72726500000002
0x000000030d483600:   0000300000000072 0000000000000000
0x000000030d483610:   00656c646e616866 0000000f00004000
0x000000030d483620:   0000000000000000 0000001400000044
0x000000030d483630:   0000000000000000 00000000ffffffff
0x000000030d483640:   0000000000000000 000002aa00000000
0x000000030d483650:   0000069a000186af 0000000000000000
0x000000030d483660:   0000000000000000 0000000540585043
0x000000030d483670:   000000600000f000 7061656800000004
0x000000030d483680:   00007865646e695f 0000000000004000
0x000000030d483690:   6573616200000000 0074657366666f5f
0x000000030d4836a0:   0000e00000004000 6f72726500000000
0x000000030d4836b0:   0000300000000072 0000000000000000
0x000000030d4836c0:   7a69735f65736162 0000400000000065
0x000000030d4836d0:   0000000000002000 0000000000000000
0x000000030d4836e0:   000000030d483730 00007ff812e28e2b
0x000000030d4836f0:   0000000000000000 0000000000000000
0x000000030d483700:   0000000000000000 000000240d485760
0x000000030d483710:   0000e60307000902 0000000000000000
0x000000030d483720:   0000000007000902 000000030d483760
0x000000030d483730:   0000000000000110 000000030d485760
0x000000030d483740:   000000030d4877c0 00007ff812cc60a3
0x000000030d483750:   0000000000000000 00007ff812cc612f 

Instructions: (pc=0x00007ff812e28e2b)
0x00007ff812e28d2b:   00 0f a3 c1 73 0d 8b bd c4 fb ff ff e8 58 3d 00
0x00007ff812e28d3b:   00 eb 70 45 85 ff 75 44 8b 85 cc fb ff ff 83 f8
0x00007ff812e28d4b:   47 74 46 3d a4 1f 00 00 75 47 41 bf d4 fe ff ff
0x00007ff812e28d5b:   83 bd b8 fb ff ff 00 78 3e 83 bd bc fb ff ff 24
0x00007ff812e28d6b:   75 35 83 bd c0 fb ff ff 00 75 2c 44 8b bd d8 fb
0x00007ff812e28d7b:   ff ff 45 85 ff 75 20 45 31 ff eb 27 8b bd c4 fb
0x00007ff812e28d8b:   ff ff e8 7f 23 00 00 eb 1a 41 bf cc fe ff ff eb
0x00007ff812e28d9b:   06 41 bf d3 fe ff ff 48 8d bd b8 fb ff ff e8 2e
0x00007ff812e28dab:   09 00 00 44 89 f8 48 81 c4 30 04 00 00 5b 41 5c
0x00007ff812e28dbb:   41 5e 41 5f 5d c3 48 8b 05 c8 18 7e 41 48 8b 40
0x00007ff812e28dcb:   20 ff e0 55 48 89 e5 65 8b 04 25 10 00 00 00 85
0x00007ff812e28ddb:   c0 75 10 e8 9d fc ff ff 89 c1 65 48 89 0c 25 10
0x00007ff812e28deb:   00 00 00 5d c3 55 48 89 e5 41 57 41 56 41 55 41
0x00007ff812e28dfb:   54 53 48 83 ec 28 41 89 cc 41 89 f5 49 89 fe 8b
0x00007ff812e28e0b:   45 10 89 f3 41 81 e5 bf fb ff ff 89 04 24 44 89
0x00007ff812e28e1b:   ee 89 55 cc 44 89 45 d4 45 89 cf e8 85 fc ff ff
0x00007ff812e28e2b:   85 c0 74 53 f6 c3 40 75 52 3d 07 00 00 10 44 89
0x00007ff812e28e3b:   fa 75 4b 89 5d d0 8b 5d cc 4c 89 75 c0 45 89 e6
0x00007ff812e28e4b:   44 8b 65 d4 8b 45 10 89 04 24 48 8b 7d c0 44 89
0x00007ff812e28e5b:   ee 89 da 44 89 f1 45 89 e0 45 89 f9 e8 44 fc ff
0x00007ff812e28e6b:   ff 3d 07 00 00 10 74 dc 44 89 fa 8b 5d d0 45 89
0x00007ff812e28e7b:   f4 4c 8b 75 c0 eb 07 31 c0 eb 56 44 89 fa 0f ba
0x00007ff812e28e8b:   e3 0a 72 4d 3d 05 40 00 10 75 46 89 d8 83 e0 03
0x00007ff812e28e9b:   41 89 d5 41 89 df 41 81 e7 be bb ff ff 83 f8 03
0x00007ff812e28eab:   44 0f 45 fb 41 81 e7 be fb ff ff 8b 5d d4 8b 45
0x00007ff812e28ebb:   10 89 04 24 4c 89 f7 44 89 fe 31 d2 44 89 e1 41
0x00007ff812e28ecb:   89 d8 45 89 e9 e8 db fb ff ff 3d 05 40 00 10 74
0x00007ff812e28edb:   dd 48 83 c4 28 5b 41 5c 41 5d 41 5e 41 5f 5d c3
0x00007ff812e28eeb:   55 48 89 e5 53 50 48 89 fb 8b 05 4a 1e 7e 41 85
0x00007ff812e28efb:   c0 74 0a 8b 0d 44 1e 7e 41 85 c9 75 1c 48 8d 3d
0x00007ff812e28f0b:   35 1e 7e 41 e8 04 fd ff ff 85 c0 75 13 8b 05 26
0x00007ff812e28f1b:   1e 7e 41 8b 0d 24 1e 7e 41 89 03 89 4b 04 31 c0 



---------------  P R O C E S S  ---------------

VM state: not at safepoint (normal execution)

VM Mutex/Monitor currently owned by a thread: None

Heap address: 0x0000000700000000, size: 4096 MB, Compressed Oops mode: Zero based, Oop shift amount: 3

CDS archive(s) mapped at: [0x0000000800000000-0x0000000800bef000-0x0000000800bef000), size 12513280, SharedBaseAddress: 0x0000000800000000, ArchiveRelocationMode: 0.
Compressed class space mapped at: 0x0000000800c00000-0x0000000840c00000, reserved size: 1073741824
Narrow klass base: 0x0000000800000000, Narrow klass shift: 3, Narrow klass range: 0x100000000

GC Precious Log:
<Skipped>

Heap:
 garbage-first heap   total 266240K, used 42223K [0x0000000700000000, 0x0000000800000000)
  region size 2048K, 19 young (38912K), 2 survivors (4096K)
 Metaspace       used 14947K, committed 15168K, reserved 1064960K
  class space    used 1381K, committed 1472K, reserved 1048576K

Heap Regions: E=young(eden), S=young(survivor), O=old, HS=humongous(starts), HC=humongous(continues), CS=collection set, F=free, OA=open archive, CA=closed archive, TAMS=top-at-mark-start (previous, next)
|   0|0x0000000700000000, 0x0000000700200000, 0x0000000700200000|100%| O|  |TAMS 0x0000000700000000, 0x0000000700000000| Untracked 
|   1|0x0000000700200000, 0x0000000700400000, 0x0000000700400000|100%| O|  |TAMS 0x0000000700200000, 0x0000000700200000| Untracked 
|   2|0x0000000700400000, 0x00000007004ea200, 0x0000000700600000| 45%| O|  |TAMS 0x0000000700400000, 0x0000000700400000| Untracked 
|   3|0x0000000700600000, 0x0000000700600000, 0x0000000700800000|  0%| F|  |TAMS 0x0000000700600000, 0x0000000700600000| Untracked 
|   4|0x0000000700800000, 0x0000000700800000, 0x0000000700a00000|  0%| F|  |TAMS 0x0000000700800000, 0x0000000700800000| Untracked 
|   5|0x0000000700a00000, 0x0000000700a00000, 0x0000000700c00000|  0%| F|  |TAMS 0x0000000700a00000, 0x0000000700a00000| Untracked 
|   6|0x0000000700c00000, 0x0000000700c00000, 0x0000000700e00000|  0%| F|  |TAMS 0x0000000700c00000, 0x0000000700c00000| Untracked 
|   7|0x0000000700e00000, 0x0000000700e00000, 0x0000000701000000|  0%| F|  |TAMS 0x0000000700e00000, 0x0000000700e00000| Untracked 
|   8|0x0000000701000000, 0x0000000701000000, 0x0000000701200000|  0%| F|  |TAMS 0x0000000701000000, 0x0000000701000000| Untracked 
|   9|0x0000000701200000, 0x0000000701200000, 0x0000000701400000|  0%| F|  |TAMS 0x0000000701200000, 0x0000000701200000| Untracked 
|  10|0x0000000701400000, 0x0000000701400000, 0x0000000701600000|  0%| F|  |TAMS 0x0000000701400000, 0x0000000701400000| Untracked 
|  11|0x0000000701600000, 0x0000000701600000, 0x0000000701800000|  0%| F|  |TAMS 0x0000000701600000, 0x0000000701600000| Untracked 
|  12|0x0000000701800000, 0x0000000701800000, 0x0000000701a00000|  0%| F|  |TAMS 0x0000000701800000, 0x0000000701800000| Untracked 
|  13|0x0000000701a00000, 0x0000000701a00000, 0x0000000701c00000|  0%| F|  |TAMS 0x0000000701a00000, 0x0000000701a00000| Untracked 
|  14|0x0000000701c00000, 0x0000000701c00000, 0x0000000701e00000|  0%| F|  |TAMS 0x0000000701c00000, 0x0000000701c00000| Untracked 
|  15|0x0000000701e00000, 0x0000000701e00000, 0x0000000702000000|  0%| F|  |TAMS 0x0000000701e00000, 0x0000000701e00000| Untracked 
|  16|0x0000000702000000, 0x0000000702000000, 0x0000000702200000|  0%| F|  |TAMS 0x0000000702000000, 0x0000000702000000| Untracked 
|  17|0x0000000702200000, 0x0000000702200000, 0x0000000702400000|  0%| F|  |TAMS 0x0000000702200000, 0x0000000702200000| Untracked 
|  18|0x0000000702400000, 0x0000000702400000, 0x0000000702600000|  0%| F|  |TAMS 0x0000000702400000, 0x0000000702400000| Untracked 
|  19|0x0000000702600000, 0x0000000702600000, 0x0000000702800000|  0%| F|  |TAMS 0x0000000702600000, 0x0000000702600000| Untracked 
|  20|0x0000000702800000, 0x0000000702800000, 0x0000000702a00000|  0%| F|  |TAMS 0x0000000702800000, 0x0000000702800000| Untracked 
|  21|0x0000000702a00000, 0x0000000702a00000, 0x0000000702c00000|  0%| F|  |TAMS 0x0000000702a00000, 0x0000000702a00000| Untracked 
|  22|0x0000000702c00000, 0x0000000702c00000, 0x0000000702e00000|  0%| F|  |TAMS 0x0000000702c00000, 0x0000000702c00000| Untracked 
|  23|0x0000000702e00000, 0x0000000702e00000, 0x0000000703000000|  0%| F|  |TAMS 0x0000000702e00000, 0x0000000702e00000| Untracked 
|  24|0x0000000703000000, 0x0000000703000000, 0x0000000703200000|  0%| F|  |TAMS 0x0000000703000000, 0x0000000703000000| Untracked 
|  25|0x0000000703200000, 0x0000000703200000, 0x0000000703400000|  0%| F|  |TAMS 0x0000000703200000, 0x0000000703200000| Untracked 
|  26|0x0000000703400000, 0x0000000703400000, 0x0000000703600000|  0%| F|  |TAMS 0x0000000703400000, 0x0000000703400000| Untracked 
|  27|0x0000000703600000, 0x0000000703600000, 0x0000000703800000|  0%| F|  |TAMS 0x0000000703600000, 0x0000000703600000| Untracked 
|  28|0x0000000703800000, 0x0000000703800000, 0x0000000703a00000|  0%| F|  |TAMS 0x0000000703800000, 0x0000000703800000| Untracked 
|  29|0x0000000703a00000, 0x0000000703a00000, 0x0000000703c00000|  0%| F|  |TAMS 0x0000000703a00000, 0x0000000703a00000| Untracked 
|  30|0x0000000703c00000, 0x0000000703c00000, 0x0000000703e00000|  0%| F|  |TAMS 0x0000000703c00000, 0x0000000703c00000| Untracked 
|  31|0x0000000703e00000, 0x0000000703e00000, 0x0000000704000000|  0%| F|  |TAMS 0x0000000703e00000, 0x0000000703e00000| Untracked 
|  32|0x0000000704000000, 0x0000000704000000, 0x0000000704200000|  0%| F|  |TAMS 0x0000000704000000, 0x0000000704000000| Untracked 
|  33|0x0000000704200000, 0x0000000704200000, 0x0000000704400000|  0%| F|  |TAMS 0x0000000704200000, 0x0000000704200000| Untracked 
|  34|0x0000000704400000, 0x0000000704400000, 0x0000000704600000|  0%| F|  |TAMS 0x0000000704400000, 0x0000000704400000| Untracked 
|  35|0x0000000704600000, 0x0000000704600000, 0x0000000704800000|  0%| F|  |TAMS 0x0000000704600000, 0x0000000704600000| Untracked 
|  36|0x0000000704800000, 0x0000000704800000, 0x0000000704a00000|  0%| F|  |TAMS 0x0000000704800000, 0x0000000704800000| Untracked 
|  37|0x0000000704a00000, 0x0000000704a00000, 0x0000000704c00000|  0%| F|  |TAMS 0x0000000704a00000, 0x0000000704a00000| Untracked 
|  38|0x0000000704c00000, 0x0000000704c00000, 0x0000000704e00000|  0%| F|  |TAMS 0x0000000704c00000, 0x0000000704c00000| Untracked 
|  39|0x0000000704e00000, 0x0000000704e00000, 0x0000000705000000|  0%| F|  |TAMS 0x0000000704e00000, 0x0000000704e00000| Untracked 
|  40|0x0000000705000000, 0x0000000705000000, 0x0000000705200000|  0%| F|  |TAMS 0x0000000705000000, 0x0000000705000000| Untracked 
|  41|0x0000000705200000, 0x0000000705200000, 0x0000000705400000|  0%| F|  |TAMS 0x0000000705200000, 0x0000000705200000| Untracked 
|  42|0x0000000705400000, 0x0000000705400000, 0x0000000705600000|  0%| F|  |TAMS 0x0000000705400000, 0x0000000705400000| Untracked 
|  43|0x0000000705600000, 0x0000000705600000, 0x0000000705800000|  0%| F|  |TAMS 0x0000000705600000, 0x0000000705600000| Untracked 
|  44|0x0000000705800000, 0x0000000705800000, 0x0000000705a00000|  0%| F|  |TAMS 0x0000000705800000, 0x0000000705800000| Untracked 
|  45|0x0000000705a00000, 0x0000000705a00000, 0x0000000705c00000|  0%| F|  |TAMS 0x0000000705a00000, 0x0000000705a00000| Untracked 
|  46|0x0000000705c00000, 0x0000000705c00000, 0x0000000705e00000|  0%| F|  |TAMS 0x0000000705c00000, 0x0000000705c00000| Untracked 
|  47|0x0000000705e00000, 0x0000000705e00000, 0x0000000706000000|  0%| F|  |TAMS 0x0000000705e00000, 0x0000000705e00000| Untracked 
|  48|0x0000000706000000, 0x0000000706000000, 0x0000000706200000|  0%| F|  |TAMS 0x0000000706000000, 0x0000000706000000| Untracked 
|  49|0x0000000706200000, 0x0000000706200000, 0x0000000706400000|  0%| F|  |TAMS 0x0000000706200000, 0x0000000706200000| Untracked 
|  50|0x0000000706400000, 0x0000000706400000, 0x0000000706600000|  0%| F|  |TAMS 0x0000000706400000, 0x0000000706400000| Untracked 
|  51|0x0000000706600000, 0x0000000706600000, 0x0000000706800000|  0%| F|  |TAMS 0x0000000706600000, 0x0000000706600000| Untracked 
|  52|0x0000000706800000, 0x0000000706800000, 0x0000000706a00000|  0%| F|  |TAMS 0x0000000706800000, 0x0000000706800000| Untracked 
|  53|0x0000000706a00000, 0x0000000706a00000, 0x0000000706c00000|  0%| F|  |TAMS 0x0000000706a00000, 0x0000000706a00000| Untracked 
|  54|0x0000000706c00000, 0x0000000706c00000, 0x0000000706e00000|  0%| F|  |TAMS 0x0000000706c00000, 0x0000000706c00000| Untracked 
|  55|0x0000000706e00000, 0x0000000706e00000, 0x0000000707000000|  0%| F|  |TAMS 0x0000000706e00000, 0x0000000706e00000| Untracked 
|  56|0x0000000707000000, 0x0000000707000000, 0x0000000707200000|  0%| F|  |TAMS 0x0000000707000000, 0x0000000707000000| Untracked 
|  57|0x0000000707200000, 0x0000000707200000, 0x0000000707400000|  0%| F|  |TAMS 0x0000000707200000, 0x0000000707200000| Untracked 
|  58|0x0000000707400000, 0x0000000707400000, 0x0000000707600000|  0%| F|  |TAMS 0x0000000707400000, 0x0000000707400000| Untracked 
|  59|0x0000000707600000, 0x0000000707600000, 0x0000000707800000|  0%| F|  |TAMS 0x0000000707600000, 0x0000000707600000| Untracked 
|  60|0x0000000707800000, 0x0000000707800000, 0x0000000707a00000|  0%| F|  |TAMS 0x0000000707800000, 0x0000000707800000| Untracked 
|  61|0x0000000707a00000, 0x0000000707a00000, 0x0000000707c00000|  0%| F|  |TAMS 0x0000000707a00000, 0x0000000707a00000| Untracked 
|  62|0x0000000707c00000, 0x0000000707c00000, 0x0000000707e00000|  0%| F|  |TAMS 0x0000000707c00000, 0x0000000707c00000| Untracked 
|  63|0x0000000707e00000, 0x0000000707e00000, 0x0000000708000000|  0%| F|  |TAMS 0x0000000707e00000, 0x0000000707e00000| Untracked 
|  64|0x0000000708000000, 0x0000000708000000, 0x0000000708200000|  0%| F|  |TAMS 0x0000000708000000, 0x0000000708000000| Untracked 
|  65|0x0000000708200000, 0x0000000708200000, 0x0000000708400000|  0%| F|  |TAMS 0x0000000708200000, 0x0000000708200000| Untracked 
|  66|0x0000000708400000, 0x0000000708400000, 0x0000000708600000|  0%| F|  |TAMS 0x0000000708400000, 0x0000000708400000| Untracked 
|  67|0x0000000708600000, 0x0000000708600000, 0x0000000708800000|  0%| F|  |TAMS 0x0000000708600000, 0x0000000708600000| Untracked 
|  68|0x0000000708800000, 0x0000000708800000, 0x0000000708a00000|  0%| F|  |TAMS 0x0000000708800000, 0x0000000708800000| Untracked 
|  69|0x0000000708a00000, 0x0000000708a00000, 0x0000000708c00000|  0%| F|  |TAMS 0x0000000708a00000, 0x0000000708a00000| Untracked 
|  70|0x0000000708c00000, 0x0000000708c00000, 0x0000000708e00000|  0%| F|  |TAMS 0x0000000708c00000, 0x0000000708c00000| Untracked 
|  71|0x0000000708e00000, 0x0000000708e00000, 0x0000000709000000|  0%| F|  |TAMS 0x0000000708e00000, 0x0000000708e00000| Untracked 
|  72|0x0000000709000000, 0x0000000709000000, 0x0000000709200000|  0%| F|  |TAMS 0x0000000709000000, 0x0000000709000000| Untracked 
|  73|0x0000000709200000, 0x0000000709200000, 0x0000000709400000|  0%| F|  |TAMS 0x0000000709200000, 0x0000000709200000| Untracked 
|  74|0x0000000709400000, 0x0000000709400000, 0x0000000709600000|  0%| F|  |TAMS 0x0000000709400000, 0x0000000709400000| Untracked 
|  75|0x0000000709600000, 0x0000000709600000, 0x0000000709800000|  0%| F|  |TAMS 0x0000000709600000, 0x0000000709600000| Untracked 
|  76|0x0000000709800000, 0x0000000709800000, 0x0000000709a00000|  0%| F|  |TAMS 0x0000000709800000, 0x0000000709800000| Untracked 
|  77|0x0000000709a00000, 0x0000000709a00000, 0x0000000709c00000|  0%| F|  |TAMS 0x0000000709a00000, 0x0000000709a00000| Untracked 
|  78|0x0000000709c00000, 0x0000000709c00000, 0x0000000709e00000|  0%| F|  |TAMS 0x0000000709c00000, 0x0000000709c00000| Untracked 
|  79|0x0000000709e00000, 0x0000000709e00000, 0x000000070a000000|  0%| F|  |TAMS 0x0000000709e00000, 0x0000000709e00000| Untracked 
|  80|0x000000070a000000, 0x000000070a000000, 0x000000070a200000|  0%| F|  |TAMS 0x000000070a000000, 0x000000070a000000| Untracked 
|  81|0x000000070a200000, 0x000000070a200000, 0x000000070a400000|  0%| F|  |TAMS 0x000000070a200000, 0x000000070a200000| Untracked 
|  82|0x000000070a400000, 0x000000070a400000, 0x000000070a600000|  0%| F|  |TAMS 0x000000070a400000, 0x000000070a400000| Untracked 
|  83|0x000000070a600000, 0x000000070a600000, 0x000000070a800000|  0%| F|  |TAMS 0x000000070a600000, 0x000000070a600000| Untracked 
|  84|0x000000070a800000, 0x000000070a800000, 0x000000070aa00000|  0%| F|  |TAMS 0x000000070a800000, 0x000000070a800000| Untracked 
|  85|0x000000070aa00000, 0x000000070aa00000, 0x000000070ac00000|  0%| F|  |TAMS 0x000000070aa00000, 0x000000070aa00000| Untracked 
|  86|0x000000070ac00000, 0x000000070ac00000, 0x000000070ae00000|  0%| F|  |TAMS 0x000000070ac00000, 0x000000070ac00000| Untracked 
|  87|0x000000070ae00000, 0x000000070ae00000, 0x000000070b000000|  0%| F|  |TAMS 0x000000070ae00000, 0x000000070ae00000| Untracked 
|  88|0x000000070b000000, 0x000000070b000000, 0x000000070b200000|  0%| F|  |TAMS 0x000000070b000000, 0x000000070b000000| Untracked 
|  89|0x000000070b200000, 0x000000070b200000, 0x000000070b400000|  0%| F|  |TAMS 0x000000070b200000, 0x000000070b200000| Untracked 
|  90|0x000000070b400000, 0x000000070b400000, 0x000000070b600000|  0%| F|  |TAMS 0x000000070b400000, 0x000000070b400000| Untracked 
|  91|0x000000070b600000, 0x000000070b600000, 0x000000070b800000|  0%| F|  |TAMS 0x000000070b600000, 0x000000070b600000| Untracked 
|  92|0x000000070b800000, 0x000000070b800000, 0x000000070ba00000|  0%| F|  |TAMS 0x000000070b800000, 0x000000070b800000| Untracked 
|  93|0x000000070ba00000, 0x000000070ba00000, 0x000000070bc00000|  0%| F|  |TAMS 0x000000070ba00000, 0x000000070ba00000| Untracked 
|  94|0x000000070bc00000, 0x000000070bc00000, 0x000000070be00000|  0%| F|  |TAMS 0x000000070bc00000, 0x000000070bc00000| Untracked 
|  95|0x000000070be00000, 0x000000070be00000, 0x000000070c000000|  0%| F|  |TAMS 0x000000070be00000, 0x000000070be00000| Untracked 
|  96|0x000000070c000000, 0x000000070c000000, 0x000000070c200000|  0%| F|  |TAMS 0x000000070c000000, 0x000000070c000000| Untracked 
|  97|0x000000070c200000, 0x000000070c200000, 0x000000070c400000|  0%| F|  |TAMS 0x000000070c200000, 0x000000070c200000| Untracked 
|  98|0x000000070c400000, 0x000000070c457360, 0x000000070c600000| 17%| S|CS|TAMS 0x000000070c400000, 0x000000070c400000| Complete 
|  99|0x000000070c600000, 0x000000070c800000, 0x000000070c800000|100%| S|CS|TAMS 0x000000070c600000, 0x000000070c600000| Complete 
| 100|0x000000070c800000, 0x000000070c800000, 0x000000070ca00000|  0%| F|  |TAMS 0x000000070c800000, 0x000000070c800000| Untracked 
| 101|0x000000070ca00000, 0x000000070ca00000, 0x000000070cc00000|  0%| F|  |TAMS 0x000000070ca00000, 0x000000070ca00000| Untracked 
| 102|0x000000070cc00000, 0x000000070cc00000, 0x000000070ce00000|  0%| F|  |TAMS 0x000000070cc00000, 0x000000070cc00000| Untracked 
| 103|0x000000070ce00000, 0x000000070ce00000, 0x000000070d000000|  0%| F|  |TAMS 0x000000070ce00000, 0x000000070ce00000| Untracked 
| 104|0x000000070d000000, 0x000000070d000000, 0x000000070d200000|  0%| F|  |TAMS 0x000000070d000000, 0x000000070d000000| Untracked 
| 105|0x000000070d200000, 0x000000070d200000, 0x000000070d400000|  0%| F|  |TAMS 0x000000070d200000, 0x000000070d200000| Untracked 
| 106|0x000000070d400000, 0x000000070d400000, 0x000000070d600000|  0%| F|  |TAMS 0x000000070d400000, 0x000000070d400000| Untracked 
| 107|0x000000070d600000, 0x000000070d600000, 0x000000070d800000|  0%| F|  |TAMS 0x000000070d600000, 0x000000070d600000| Untracked 
| 108|0x000000070d800000, 0x000000070d800000, 0x000000070da00000|  0%| F|  |TAMS 0x000000070d800000, 0x000000070d800000| Untracked 
| 109|0x000000070da00000, 0x000000070da00000, 0x000000070dc00000|  0%| F|  |TAMS 0x000000070da00000, 0x000000070da00000| Untracked 
| 110|0x000000070dc00000, 0x000000070dc00000, 0x000000070de00000|  0%| F|  |TAMS 0x000000070dc00000, 0x000000070dc00000| Untracked 
| 111|0x000000070de00000, 0x000000070de00800, 0x000000070e000000|  0%| E|  |TAMS 0x000000070de00000, 0x000000070de00000| Complete 
| 112|0x000000070e000000, 0x000000070e200000, 0x000000070e200000|100%| E|CS|TAMS 0x000000070e000000, 0x000000070e000000| Complete 
| 113|0x000000070e200000, 0x000000070e400000, 0x000000070e400000|100%| E|CS|TAMS 0x000000070e200000, 0x000000070e200000| Complete 
| 114|0x000000070e400000, 0x000000070e600000, 0x000000070e600000|100%| E|CS|TAMS 0x000000070e400000, 0x000000070e400000| Complete 
| 115|0x000000070e600000, 0x000000070e800000, 0x000000070e800000|100%| E|CS|TAMS 0x000000070e600000, 0x000000070e600000| Complete 
| 116|0x000000070e800000, 0x000000070ea00000, 0x000000070ea00000|100%| E|CS|TAMS 0x000000070e800000, 0x000000070e800000| Complete 
| 117|0x000000070ea00000, 0x000000070ec00000, 0x000000070ec00000|100%| E|CS|TAMS 0x000000070ea00000, 0x000000070ea00000| Complete 
| 118|0x000000070ec00000, 0x000000070ee00000, 0x000000070ee00000|100%| E|CS|TAMS 0x000000070ec00000, 0x000000070ec00000| Complete 
| 119|0x000000070ee00000, 0x000000070f000000, 0x000000070f000000|100%| E|CS|TAMS 0x000000070ee00000, 0x000000070ee00000| Complete 
| 120|0x000000070f000000, 0x000000070f200000, 0x000000070f200000|100%| E|CS|TAMS 0x000000070f000000, 0x000000070f000000| Complete 
| 121|0x000000070f200000, 0x000000070f400000, 0x000000070f400000|100%| E|CS|TAMS 0x000000070f200000, 0x000000070f200000| Complete 
| 122|0x000000070f400000, 0x000000070f600000, 0x000000070f600000|100%| E|CS|TAMS 0x000000070f400000, 0x000000070f400000| Complete 
| 123|0x000000070f600000, 0x000000070f800000, 0x000000070f800000|100%| E|CS|TAMS 0x000000070f600000, 0x000000070f600000| Complete 
| 124|0x000000070f800000, 0x000000070fa00000, 0x000000070fa00000|100%| E|CS|TAMS 0x000000070f800000, 0x000000070f800000| Complete 
| 125|0x000000070fa00000, 0x000000070fc00000, 0x000000070fc00000|100%| E|CS|TAMS 0x000000070fa00000, 0x000000070fa00000| Complete 
| 126|0x000000070fc00000, 0x000000070fe00000, 0x000000070fe00000|100%| E|CS|TAMS 0x000000070fc00000, 0x000000070fc00000| Complete 
| 127|0x000000070fe00000, 0x0000000710000000, 0x0000000710000000|100%| E|CS|TAMS 0x000000070fe00000, 0x000000070fe00000| Complete 
|1534|0x00000007bfc00000, 0x00000007bfd75000, 0x00000007bfe00000| 72%|OA|  |TAMS 0x00000007bfc00000, 0x00000007bfc00000| Untracked 
|1535|0x00000007bfe00000, 0x00000007bfe85000, 0x00000007c0000000| 25%|CA|  |TAMS 0x00000007bfe00000, 0x00000007bfe00000| Untracked 

Card table byte_map: [0x0000000127e18000,0x0000000128618000] _byte_map_base: 0x0000000124618000

Marking Bits (Prev, Next): (CMBitMap*) 0x00007fd5a083a010, (CMBitMap*) 0x00007fd5a083a050
 Prev Bits: [0x0000000128e18000, 0x000000012ce18000)
 Next Bits: [0x000000012ce18000, 0x0000000130e18000)

Polling page: 0x0000000104319000

Metaspace:

Usage:
  Non-class:     13.25 MB used.
      Class:      1.35 MB used.
       Both:     14.60 MB used.

Virtual space:
  Non-class space:       16.00 MB reserved,      13.38 MB ( 84%) committed,  2 nodes.
      Class space:        1.00 GB reserved,       1.44 MB ( <1%) committed,  1 nodes.
              Both:        1.02 GB reserved,      14.81 MB (  1%) committed. 

Chunk freelists:
   Non-Class:  2.47 MB
       Class:  2.52 MB
        Both:  4.98 MB

MaxMetaspaceSize: 17179869184.00 GB
CompressedClassSpaceSize: 1.00 GB
 - commit_granule_bytes: 65536.
 - commit_granule_words: 8192.
 - virtual_space_node_default_size: 1048576.
 - enlarge_chunks_in_place: 1.
 - new_chunks_are_fully_committed: 0.
 - uncommit_free_chunks: 1.
 - use_allocation_guard: 0.
 - handle_deallocations: 1.


Internal statistics:

num_allocs_failed_limit: 0.
num_arena_births: 186.
num_arena_deaths: 0.
num_vsnodes_births: 3.
num_vsnodes_deaths: 0.
num_space_committed: 233.
num_space_uncommitted: 0.
num_chunks_returned_to_freelist: 0.
num_chunks_taken_from_freelist: 410.
num_chunk_merges: 0.
num_chunk_splits: 293.
num_chunks_enlarged: 209.
num_purges: 0.

CodeHeap 'non-profiled nmethods': size=120028Kb used=604Kb max_used=604Kb free=119423Kb
 bounds [0x00000001208e1000, 0x0000000120b51000, 0x0000000127e18000]
CodeHeap 'profiled nmethods': size=120028Kb used=2602Kb max_used=2602Kb free=117425Kb
 bounds [0x00000001193aa000, 0x000000011963a000, 0x00000001208e1000]
CodeHeap 'non-nmethods': size=5704Kb used=1546Kb max_used=1567Kb free=4157Kb
 bounds [0x0000000118e18000, 0x0000000119088000, 0x00000001193aa000]
 total_blobs=2398 nmethods=1441 adapters=872
 compilation: enabled
              stopped_count=0, restarted_count=0
 full_count=0

Compilation events (20 events):
Event: 3.658 Thread 0x00007fd5a0913e00 1419       1       java.awt.Component::isCoalescingEnabled (5 bytes)
Event: 3.658 Thread 0x00007fd5a0913e00 nmethod 1419 0x0000000120977290 code [0x0000000120977420, 0x00000001209774f0]
Event: 3.659 Thread 0x00007fd5a0913e00 1420       3       sun.java2d.pipe.Region::clipScale (41 bytes)
Event: 3.659 Thread 0x00007fd5a0913e00 nmethod 1420 0x0000000119629390 code [0x0000000119629580, 0x0000000119629860]
Event: 3.659 Thread 0x00007fd5a0913e00 1421       3       java.lang.Math::round (70 bytes)
Event: 3.659 Thread 0x00007fd5a0913e00 nmethod 1421 0x0000000119629910 code [0x0000000119629ac0, 0x0000000119629d10]
Event: 3.662 Thread 0x00007fd5a0913e00 1422       3       sun.java2d.pipe.RenderQueue::ensureCapacity (16 bytes)
Event: 3.663 Thread 0x00007fd5a0913e00 nmethod 1422 0x0000000119629d90 code [0x0000000119629f40, 0x000000011962a1c0]
Event: 3.663 Thread 0x00007fd5a0913e00 1423       3       java.io.PrintStream::ensureOpen (18 bytes)
Event: 3.663 Thread 0x00007fd5a0913e00 nmethod 1423 0x000000011962a290 code [0x000000011962a440, 0x000000011962a660]
Event: 3.664 Thread 0x00007fd5a0913e00 1424       3       java.nio.ByteBuffer::flip (7 bytes)
Event: 3.664 Thread 0x00007fd5a0913e00 nmethod 1424 0x000000011962a710 code [0x000000011962a8c0, 0x000000011962aa30]
Event: 3.665 Thread 0x00007fd5a0913e00 1425       1       java.awt.geom.AffineTransform::getScaleY (5 bytes)
Event: 3.665 Thread 0x00007fd5a0913e00 nmethod 1425 0x0000000120977590 code [0x0000000120977720, 0x00000001209777f0]
Event: 3.665 Thread 0x00007fd5a0913e00 1427   !   3       java.io.BufferedWriter::write (117 bytes)
Event: 3.666 Thread 0x00007fd5a0913e00 nmethod 1427 0x000000011962ab10 code [0x000000011962ad20, 0x000000011962b320]
Event: 3.666 Thread 0x00007fd5a0913e00 1428       3       java.nio.ByteBuffer::array (35 bytes)
Event: 3.666 Thread 0x00007fd5a0913e00 nmethod 1428 0x000000011962b690 code [0x000000011962b860, 0x000000011962bb30]
Event: 3.666 Thread 0x00007fd5a0913e00 1426       3       java.io.Writer::write (11 bytes)
Event: 3.667 Thread 0x00007fd5a0913e00 nmethod 1426 0x000000011962bc90 code [0x000000011962be60, 0x000000011962c140]

GC Heap History (6 events):
Event: 2.552 GC heap before
{Heap before GC invocations=0 (full 0):
 garbage-first heap   total 266240K, used 22504K [0x0000000700000000, 0x0000000800000000)
  region size 2048K, 11 young (22528K), 0 survivors (0K)
 Metaspace       used 13805K, committed 14016K, reserved 1064960K
  class space    used 1282K, committed 1408K, reserved 1048576K
}
Event: 2.566 GC heap after
{Heap after GC invocations=1 (full 0):
 garbage-first heap   total 266240K, used 5861K [0x0000000700000000, 0x0000000800000000)
  region size 2048K, 2 young (4096K), 2 survivors (4096K)
 Metaspace       used 13805K, committed 14016K, reserved 1064960K
  class space    used 1282K, committed 1408K, reserved 1048576K
}
Event: 3.029 GC heap before
{Heap before GC invocations=1 (full 0):
 garbage-first heap   total 266240K, used 40677K [0x0000000700000000, 0x0000000800000000)
  region size 2048K, 19 young (38912K), 2 survivors (4096K)
 Metaspace       used 14732K, committed 14976K, reserved 1064960K
  class space    used 1366K, committed 1472K, reserved 1048576K
}
Event: 3.037 GC heap after
{Heap after GC invocations=2 (full 0):
 garbage-first heap   total 266240K, used 11966K [0x0000000700000000, 0x0000000800000000)
  region size 2048K, 3 young (6144K), 3 survivors (6144K)
 Metaspace       used 14732K, committed 14976K, reserved 1064960K
  class space    used 1366K, committed 1472K, reserved 1048576K
}
Event: 3.348 GC heap before
{Heap before GC invocations=2 (full 0):
 garbage-first heap   total 266240K, used 63166K [0x0000000700000000, 0x0000000800000000)
  region size 2048K, 28 young (57344K), 3 survivors (6144K)
 Metaspace       used 14749K, committed 14976K, reserved 1064960K
  class space    used 1366K, committed 1472K, reserved 1048576K
}
Event: 3.349 GC heap after
{Heap after GC invocations=3 (full 0):
 garbage-first heap   total 266240K, used 9453K [0x0000000700000000, 0x0000000800000000)
  region size 2048K, 2 young (4096K), 2 survivors (4096K)
 Metaspace       used 14749K, committed 14976K, reserved 1064960K
  class space    used 1366K, committed 1472K, reserved 1048576K
}

Deoptimization events (20 events):
Event: 3.383 Thread 0x00007fd5a0b34e00 DEOPT PACKING pc=0x00000001196102c0 sp=0x000000030e55ea40
Event: 3.383 Thread 0x00007fd5a0b34e00 DEOPT UNPACKING pc=0x0000000118e65b9b sp=0x000000030e55df00 mode 0
Event: 3.383 Thread 0x00007fd5a0b34e00 DEOPT PACKING pc=0x00000001196102c0 sp=0x000000030e55ea40
Event: 3.383 Thread 0x00007fd5a0b34e00 DEOPT UNPACKING pc=0x0000000118e65b9b sp=0x000000030e55df00 mode 0
Event: 3.383 Thread 0x00007fd5a0b34e00 DEOPT PACKING pc=0x00000001196102c0 sp=0x000000030e55ea40
Event: 3.383 Thread 0x00007fd5a0b34e00 DEOPT UNPACKING pc=0x0000000118e65b9b sp=0x000000030e55df00 mode 0
Event: 3.383 Thread 0x00007fd5a0b34e00 DEOPT PACKING pc=0x00000001196102c0 sp=0x000000030e55ea40
Event: 3.383 Thread 0x00007fd5a0b34e00 DEOPT UNPACKING pc=0x0000000118e65b9b sp=0x000000030e55df00 mode 0
Event: 3.383 Thread 0x00007fd5a0b34e00 DEOPT PACKING pc=0x00000001196102c0 sp=0x000000030e55ea40
Event: 3.383 Thread 0x00007fd5a0b34e00 DEOPT UNPACKING pc=0x0000000118e65b9b sp=0x000000030e55df00 mode 0
Event: 3.383 Thread 0x00007fd5a0b34e00 DEOPT PACKING pc=0x00000001196102c0 sp=0x000000030e55ea40
Event: 3.383 Thread 0x00007fd5a0b34e00 DEOPT UNPACKING pc=0x0000000118e65b9b sp=0x000000030e55df00 mode 0
Event: 3.383 Thread 0x00007fd5a0b34e00 DEOPT PACKING pc=0x00000001196102c0 sp=0x000000030e55ea40
Event: 3.383 Thread 0x00007fd5a0b34e00 DEOPT UNPACKING pc=0x0000000118e65b9b sp=0x000000030e55df00 mode 0
Event: 3.383 Thread 0x00007fd5a0b34e00 DEOPT PACKING pc=0x00000001196102c0 sp=0x000000030e55ea40
Event: 3.383 Thread 0x00007fd5a0b34e00 DEOPT UNPACKING pc=0x0000000118e65b9b sp=0x000000030e55df00 mode 0
Event: 3.383 Thread 0x00007fd5a0b34e00 DEOPT PACKING pc=0x00000001196102c0 sp=0x000000030e55ea40
Event: 3.383 Thread 0x00007fd5a0b34e00 DEOPT UNPACKING pc=0x0000000118e65b9b sp=0x000000030e55df00 mode 0
Event: 3.579 Thread 0x00007fd5a0b34e00 DEOPT PACKING pc=0x00000001194522d5 sp=0x000000030e55ec10
Event: 3.579 Thread 0x00007fd5a0b34e00 DEOPT UNPACKING pc=0x0000000118e65b9b sp=0x000000030e55e0d0 mode 0

Classes unloaded (0 events):
No events

Classes redefined (0 events):
No events

Internal exceptions (20 events):
Event: 0.469 Thread 0x00007fd5a0008200 Exception <a 'java/lang/NoSuchMethodError'{0x000000070fd8c7a0}: 'void java.lang.invoke.DirectMethodHandle$Holder.invokeStaticInit(java.lang.Object)'> (0x000000070fd8c7a0) 
thrown [./src/hotspot/share/interpreter/linkResolver.cpp, line 790]
Event: 0.479 Thread 0x00007fd5a0008200 Exception <a 'java/lang/NoSuchMethodError'{0x000000070fdaf840}: 'java.lang.Object java.lang.invoke.DirectMethodHandle$Holder.newInvokeSpecial(java.lang.Object, java.lang.Object, java.lang.Object, java.lang.Object, java.lang.Object)'> (0x000000070fdaf840) 
thrown [./src/hotspot/share/interpreter/linkResolver.cpp, line 790]
Event: 0.482 Thread 0x00007fd5a0008200 Exception <a 'java/lang/NoSuchMethodError'{0x000000070fdbb328}: 'java.lang.Object java.lang.invoke.DirectMethodHandle$Holder.invokeStatic(java.lang.Object, int, java.lang.Object, java.lang.Object, java.lang.Object, java.lang.Object)'> (0x000000070fdbb328) 
thrown [./src/hotspot/share/interpreter/linkResolver.cpp, line 790]
Event: 0.485 Thread 0x00007fd5a0008200 Exception <a 'java/lang/NoSuchMethodError'{0x000000070fde1568}: 'java.lang.Object java.lang.invoke.DirectMethodHandle$Holder.invokeStatic(java.lang.Object, int, java.lang.Object)'> (0x000000070fde1568) 
thrown [./src/hotspot/share/interpreter/linkResolver.cpp, line 790]
Event: 0.490 Thread 0x00007fd5a0008200 Exception <a 'java/lang/ClassNotFoundException'{0x000000070fa12ca0}: com/apple/laf/resources/spi/aquaProvider> (0x000000070fa12ca0) 
thrown [./src/hotspot/share/classfile/systemDictionary.cpp, line 256]
Event: 0.515 Thread 0x00007fd5a0008200 Exception <a 'java/lang/ClassNotFoundException'{0x000000070fa85370}: com/sun/swing/internal/plaf/basic/resources/spi/basicProvider> (0x000000070fa85370) 
thrown [./src/hotspot/share/classfile/systemDictionary.cpp, line 256]
Event: 0.596 Thread 0x00007fd5a0008200 Exception <a 'java/lang/UnsatisfiedLinkError'{0x000000070f855418}: 'boolean com.jogamp.common.util.JarUtil.fixNativeLibAttribs(java.lang.String)'> (0x000000070f855418) 
thrown [./src/hotspot/share/prims/nativeLookup.cpp, line 541]
Event: 1.035 Thread 0x00007fd5a0008200 Exception <a 'java/lang/NoSuchMethodError'{0x000000070f633a58}: 'java.lang.Object java.lang.invoke.DirectMethodHandle$Holder.invokeInterface(java.lang.Object, java.lang.Object)'> (0x000000070f633a58) 
thrown [./src/hotspot/share/interpreter/linkResolver.cpp, line 790]
Event: 1.037 Thread 0x00007fd5a0008200 Exception <a 'java/lang/IncompatibleClassChangeError'{0x000000070f637450}: Found class java.lang.Object, but interface was expected> (0x000000070f637450) 
thrown [./src/hotspot/share/interpreter/linkResolver.cpp, line 857]
Event: 1.969 Thread 0x00007fd5a0008200 Exception <a 'java/lang/NoSuchMethodError'{0x000000070ed2d670}: 'java.lang.Object java.lang.invoke.DirectMethodHandle$Holder.invokeSpecial(java.lang.Object, java.lang.Object, double, double)'> (0x000000070ed2d670) 
thrown [./src/hotspot/share/interpreter/linkResolver.cpp, line 790]
Event: 1.971 Thread 0x00007fd5a0008200 Exception <a 'java/lang/NoSuchMethodError'{0x000000070ed34ae8}: 'void java.lang.invoke.DirectMethodHandle$Holder.invokeStatic(java.lang.Object, java.lang.Object, long)'> (0x000000070ed34ae8) 
thrown [./src/hotspot/share/interpreter/linkResolver.cpp, line 790]
Event: 1.978 Thread 0x00007fd5a0008200 Exception <a 'java/lang/NoSuchMethodError'{0x000000070ed49fd0}: 'java.lang.Object java.lang.invoke.DirectMethodHandle$Holder.newInvokeSpecial(java.lang.Object, java.lang.Object, int, int)'> (0x000000070ed49fd0) 
thrown [./src/hotspot/share/interpreter/linkResolver.cpp, line 790]
Event: 2.003 Thread 0x00007fd5a0008200 Exception <a 'java/lang/NoSuchMethodError'{0x000000070edb3660}: 'java.lang.Object java.lang.invoke.DirectMethodHandle$Holder.newInvokeSpecial(java.lang.Object, java.lang.Object, java.lang.Object, int, java.lang.Object)'> (0x000000070edb3660) 
thrown [./src/hotspot/share/interpreter/linkResolver.cpp, line 790]
Event: 2.004 Thread 0x00007fd5a0008200 Exception <a 'java/lang/NoSuchMethodError'{0x000000070edbb290}: 'java.lang.Object java.lang.invoke.Invokers$Holder.linkToTargetMethod(java.lang.Object, java.lang.Object, int, java.lang.Object, java.lang.Object)'> (0x000000070edbb290) 
thrown [./src/hotspot/share/interpreter/linkResolver.cpp, line 790]
Event: 2.024 Thread 0x00007fd5a0008200 Exception <a 'java/lang/NoSuchMethodError'{0x000000070ea0a1b0}: 'java.lang.Object java.lang.invoke.Invokers$Holder.linkToTargetMethod(int, int, int, int, java.lang.Object)'> (0x000000070ea0a1b0) 
thrown [./src/hotspot/share/interpreter/linkResolver.cpp, line 790]
Event: 2.042 Thread 0x00007fd59f80e000 Exception <a 'java/lang/NoSuchMethodError'{0x000000070fcc0ac0}: 'void java.lang.invoke.DirectMethodHandle$Holder.invokeSpecial(java.lang.Object, java.lang.Object, long)'> (0x000000070fcc0ac0) 
thrown [./src/hotspot/share/interpreter/linkResolver.cpp, line 790]
Event: 2.519 Thread 0x00007fd59f80e000 Exception <a 'java/lang/NoSuchMethodError'{0x000000070fcce678}: 'void java.lang.invoke.DirectMethodHandle$Holder.invokeStatic(java.lang.Object, long)'> (0x000000070fcce678) 
thrown [./src/hotspot/share/interpreter/linkResolver.cpp, line 790]
Event: 2.522 Thread 0x00007fd5a0008200 Exception <a 'java/lang/NoSuchMethodError'{0x000000070eb866a8}: 'void java.lang.invoke.DirectMethodHandle$Holder.invokeStatic(java.lang.Object, long, long)'> (0x000000070eb866a8) 
thrown [./src/hotspot/share/interpreter/linkResolver.cpp, line 790]
Event: 2.524 Thread 0x00007fd5a0008200 Exception <a 'java/lang/NoSuchMethodError'{0x000000070eb8bef8}: 'java.lang.Object java.lang.invoke.DirectMethodHandle$Holder.newInvokeSpecial(java.lang.Object, long)'> (0x000000070eb8bef8) 
thrown [./src/hotspot/share/interpreter/linkResolver.cpp, line 790]
Event: 2.527 Thread 0x00007fd5a0008200 Exception <a 'java/lang/NoSuchMethodError'{0x000000070eb96600}: 'java.lang.Object java.lang.invoke.DirectMethodHandle$Holder.newInvokeSpecial(java.lang.Object, java.lang.Object, int)'> (0x000000070eb96600) 
thrown [./src/hotspot/share/interpreter/linkResolver.cpp, line 790]

Events (20 events):
Event: 3.496 loading class java/nio/channels/Channels
Event: 3.496 loading class java/nio/channels/Channels done
Event: 3.496 loading class sun/nio/ch/ChannelInputStream
Event: 3.496 loading class sun/nio/ch/ChannelInputStream done
Event: 3.496 loading class sun/nio/ch/IOStatus
Event: 3.496 loading class sun/nio/ch/IOStatus done
Event: 3.496 loading class java/nio/channels/SelectableChannel
Event: 3.496 loading class java/nio/channels/SelectableChannel done
Event: 3.496 loading class sun/nio/ch/Util
Event: 3.497 loading class sun/nio/ch/Util done
Event: 3.497 loading class sun/nio/ch/Util$1
Event: 3.497 loading class sun/nio/ch/Util$1 done
Event: 3.497 loading class sun/nio/ch/Util$BufferCache
Event: 3.497 loading class sun/nio/ch/Util$BufferCache done
Event: 3.501 loading class java/nio/DirectFloatBufferU
Event: 3.501 loading class java/nio/DirectFloatBufferU done
Event: 3.666 Thread 0x00007fd58f853e00 Thread added: 0x00007fd58f853e00
Event: 3.666 Protecting memory [0x000000030ee03000,0x000000030ee07000] with protection modes 0
Event: 3.666 Protecting memory [0x000000030ee03000,0x000000030ee07000] with protection modes 3
Event: 3.666 Thread 0x00007fd58f853e00 Thread exited: 0x00007fd58f853e00


Dynamic libraries:
0x000000010c948000 	/Library/Java/JavaVirtualMachines/temurin-16.jdk/Contents/Home/lib/libjli.dylib
0x00007ff81df9a000 	/usr/lib/libz.1.dylib
0x00007ff81e080000 	/usr/lib/libSystem.B.dylib
0x00007ff81e07b000 	/usr/lib/system/libcache.dylib
0x00007ff81e037000 	/usr/lib/system/libcommonCrypto.dylib
0x00007ff81e060000 	/usr/lib/system/libcompiler_rt.dylib
0x00007ff81e056000 	/usr/lib/system/libcopyfile.dylib
0x00007ff812bea000 	/usr/lib/system/libcorecrypto.dylib
0x00007ff812ca9000 	/usr/lib/system/libdispatch.dylib
0x00007ff812e6b000 	/usr/lib/system/libdyld.dylib
0x00007ff81e072000 	/usr/lib/system/libkeymgr.dylib
0x00007ff81e015000 	/usr/lib/system/libmacho.dylib
0x00007ff81d6a6000 	/usr/lib/system/libquarantine.dylib
0x00007ff81e070000 	/usr/lib/system/libremovefile.dylib
0x00007ff817ce9000 	/usr/lib/system/libsystem_asl.dylib
0x00007ff812b98000 	/usr/lib/system/libsystem_blocks.dylib
0x00007ff812d30000 	/usr/lib/system/libsystem_c.dylib
0x00007ff81e068000 	/usr/lib/system/libsystem_collections.dylib
0x00007ff81c8dc000 	/usr/lib/system/libsystem_configuration.dylib
0x00007ff81bb9c000 	/usr/lib/system/libsystem_containermanager.dylib
0x00007ff81dd4e000 	/usr/lib/system/libsystem_coreservices.dylib
0x00007ff8153b7000 	/usr/lib/system/libsystem_darwin.dylib
0x00007ff81e073000 	/usr/lib/system/libsystem_dnssd.dylib
0x00007ff812d2d000 	/usr/lib/system/libsystem_featureflags.dylib
0x00007ff812e81000 	/usr/lib/system/libsystem_info.dylib
0x00007ff81dfad000 	/usr/lib/system/libsystem_m.dylib
0x00007ff812c7d000 	/usr/lib/system/libsystem_malloc.dylib
0x00007ff817c86000 	/usr/lib/system/libsystem_networkextension.dylib
0x00007ff8157df000 	/usr/lib/system/libsystem_notify.dylib
0x00007ff82426d000 	/usr/lib/system/libsystem_product_info_filter.dylib
0x00007ff81c8e0000 	/usr/lib/system/libsystem_sandbox.dylib
0x00007ff81e06d000 	/usr/lib/system/libsystem_secinit.dylib
0x00007ff812e28000 	/usr/lib/system/libsystem_kernel.dylib
0x00007ff812e77000 	/usr/lib/system/libsystem_platform.dylib
0x00007ff812e5f000 	/usr/lib/system/libsystem_pthread.dylib
0x00007ff8195ad000 	/usr/lib/system/libsystem_symptoms.dylib
0x00007ff812bd1000 	/usr/lib/system/libsystem_trace.dylib
0x00007ff81e043000 	/usr/lib/system/libunwind.dylib
0x00007ff812b9a000 	/usr/lib/system/libxpc.dylib
0x00007ff812e12000 	/usr/lib/libc++abi.dylib
0x00007ff812cf0000 	/usr/lib/libobjc.A.dylib
0x00007ff81e04e000 	/usr/lib/liboah.dylib
0x00007ff812db9000 	/usr/lib/libc++.1.dylib
0x00007ff829f9c000 	/System/Library/Frameworks/Cocoa.framework/Versions/A/Cocoa
0x00007ff81583d000 	/System/Library/Frameworks/AppKit.framework/Versions/C/AppKit
0x00007ff818d8d000 	/System/Library/Frameworks/CoreData.framework/Versions/A/CoreData
0x00007ff813c58000 	/System/Library/Frameworks/Foundation.framework/Versions/C/Foundation
0x00007ff8166ca000 	/System/Library/PrivateFrameworks/UIFoundation.framework/Versions/A/UIFoundation
0x00007ff823f74000 	/System/Library/PrivateFrameworks/RemoteViewServices.framework/Versions/A/RemoteViewServices
0x00007ff81c273000 	/System/Library/PrivateFrameworks/XCTTargetBootstrap.framework/Versions/A/XCTTargetBootstrap
0x00007ff81ff4b000 	/System/Library/PrivateFrameworks/InternationalSupport.framework/Versions/A/InternationalSupport
0x00007ff81ffd5000 	/System/Library/PrivateFrameworks/UserActivity.framework/Versions/A/UserActivity
0x00007ff81f332000 	/usr/lib/libspindump.dylib
0x00007ff816958000 	/System/Library/Frameworks/UniformTypeIdentifiers.framework/Versions/A/UniformTypeIdentifiers
0x00007ff81a9b2000 	/usr/lib/libapp_launch_measurement.dylib
0x00007ff819767000 	/System/Library/PrivateFrameworks/CoreAnalytics.framework/Versions/A/CoreAnalytics
0x00007ff81a9b5000 	/System/Library/PrivateFrameworks/CoreAutoLayout.framework/Versions/A/CoreAutoLayout
0x00007ff81bbd4000 	/System/Library/Frameworks/Metal.framework/Versions/A/Metal
0x00007ff81c8eb000 	/usr/lib/liblangid.dylib
0x00007ff81c277000 	/System/Library/PrivateFrameworks/CoreSVG.framework/Versions/A/CoreSVG
0x00007ff817d1a000 	/System/Library/PrivateFrameworks/SkyLight.framework/Versions/A/SkyLight
0x00007ff8180ab000 	/System/Library/Frameworks/CoreGraphics.framework/Versions/A/CoreGraphics
0x00007ff8245df000 	/System/Library/Frameworks/Accelerate.framework/Versions/A/Accelerate
0x00007ff81edad000 	/System/Library/PrivateFrameworks/IconServices.framework/Versions/A/IconServices
0x00007ff81bbb9000 	/System/Library/Frameworks/IOSurface.framework/Versions/A/IOSurface
0x00007ff819795000 	/usr/lib/libDiagnosticMessagesClient.dylib
0x00007ff827c3e000 	/System/Library/Frameworks/ApplicationServices.framework/Versions/A/ApplicationServices
0x00007ff81c25f000 	/System/Library/PrivateFrameworks/DFRFoundation.framework/Versions/A/DFRFoundation
0x00007ff81512e000 	/usr/lib/libicucore.A.dylib
0x00007ff820c6d000 	/System/Library/Frameworks/AudioToolbox.framework/Versions/A/AudioToolbox
0x00007ff81ff57000 	/System/Library/PrivateFrameworks/DataDetectorsCore.framework/Versions/A/DataDetectorsCore
0x00007ff91b6ec000 	/System/Library/PrivateFrameworks/TextInput.framework/Versions/A/TextInput
0x00007ff817c9d000 	/usr/lib/libMobileGestalt.dylib
0x00007ff81bf67000 	/System/Library/Frameworks/Carbon.framework/Versions/A/Frameworks/HIToolbox.framework/Versions/A/HIToolbox
0x00007ff81a3e0000 	/System/Library/Frameworks/QuartzCore.framework/Versions/A/QuartzCore
0x00007ff814dcf000 	/System/Library/Frameworks/Security.framework/Versions/A/Security
0x00007ff823fac000 	/System/Library/Frameworks/Carbon.framework/Versions/A/Frameworks/SpeechRecognition.framework/Versions/A/SpeechRecognition
0x00007ff81a712000 	/System/Library/PrivateFrameworks/CoreUI.framework/Versions/A/CoreUI
0x00007ff8146a9000 	/System/Library/Frameworks/CoreAudio.framework/Versions/A/CoreAudio
0x00007ff819883000 	/System/Library/Frameworks/DiskArbitration.framework/Versions/A/DiskArbitration
0x00007ff81f715000 	/System/Library/PrivateFrameworks/MultitouchSupport.framework/Versions/A/MultitouchSupport
0x00007ff817c9c000 	/usr/lib/libenergytrace.dylib
0x00007ff815729000 	/System/Library/Frameworks/IOKit.framework/Versions/A/IOKit
0x00007ff824396000 	/System/Library/Frameworks/CoreServices.framework/Versions/A/CoreServices
0x00007ff81a94c000 	/System/Library/PrivateFrameworks/PerformanceAnalysis.framework/Versions/A/PerformanceAnalysis
0x00007ffa2b15b000 	/System/Library/Frameworks/OpenGL.framework/Versions/A/OpenGL
0x00007ff81d5d2000 	/System/Library/PrivateFrameworks/MobileKeyBag.framework/Versions/A/MobileKeyBag
0x00007ff8187da000 	/System/Library/Frameworks/ColorSync.framework/Versions/A/ColorSync
0x00007ff812eac000 	/System/Library/Frameworks/CoreFoundation.framework/Versions/A/CoreFoundation
0x00007ff81c4f2000 	/System/Library/Frameworks/CoreImage.framework/Versions/A/CoreImage
0x00007ff8144bf000 	/System/Library/Frameworks/CoreText.framework/Versions/A/CoreText
0x00007ff81c2a6000 	/System/Library/Frameworks/ImageIO.framework/Versions/A/ImageIO
0x00007ff81e086000 	/System/Library/PrivateFrameworks/SoftLinking.framework/Versions/A/SoftLinking
0x00007ff81a9fd000 	/usr/lib/libxml2.2.dylib
0x00007ff81e306000 	/usr/lib/libcompression.dylib
0x00007ff81fe81000 	/System/Library/PrivateFrameworks/TextureIO.framework/Versions/A/TextureIO
0x00007ff81ea26000 	/usr/lib/libate.dylib
0x00007ff81e7df000 	/usr/lib/liblzma.5.dylib
0x00007ff813969000 	/System/Library/Frameworks/SystemConfiguration.framework/Versions/A/SystemConfiguration
0x00007ff81e082000 	/usr/lib/libfakelink.dylib
0x00007ff8177f0000 	/System/Library/Frameworks/CFNetwork.framework/Versions/A/CFNetwork
0x00007ff81e1c1000 	/usr/lib/libarchive.2.dylib
0x00007ff81c8e7000 	/System/Library/PrivateFrameworks/AppleSystemInfo.framework/Versions/A/AppleSystemInfo
0x00007ff81d6cc000 	/usr/lib/libbsm.0.dylib
0x00007ff816e27000 	/usr/lib/libnetwork.dylib
0x00007ff81e01b000 	/usr/lib/system/libkxld.dylib
0x00007ff81d2fb000 	/System/Library/PrivateFrameworks/IOMobileFramebuffer.framework/Versions/A/IOMobileFramebuffer
0x00007ffb28afd000 	/usr/lib/libCoreEntitlements.dylib
0x00007ff81dd30000 	/System/Library/PrivateFrameworks/AppleFSCompression.framework/Versions/A/AppleFSCompression
0x00007ff81d6b5000 	/usr/lib/libcoretls.dylib
0x00007ff81e7f9000 	/usr/lib/libcoretls_cfhelpers.dylib
0x00007ff81e301000 	/usr/lib/libpam.2.dylib
0x00007ff8191d3000 	/usr/lib/libsqlite3.dylib
0x00007ff81e868000 	/usr/lib/libxar.1.dylib
0x00007ff81dd40000 	/usr/lib/libbz2.1.0.dylib
0x00007ff81e087000 	/usr/lib/libpcap.A.dylib
0x00007ff8195a4000 	/usr/lib/libdns_services.dylib
0x00007ff81e2d3000 	/usr/lib/libapple_nghttp2.dylib
0x00007ff81e0be000 	/usr/lib/libiconv.2.dylib
0x00007ff81e014000 	/usr/lib/libcharset.1.dylib
0x00007ff81a980000 	/System/Library/Frameworks/CoreServices.framework/Versions/A/Frameworks/FSEvents.framework/Versions/A/FSEvents
0x00007ff8153c1000 	/System/Library/Frameworks/CoreServices.framework/Versions/A/Frameworks/CarbonCore.framework/Versions/A/CarbonCore
0x00007ff8197e8000 	/System/Library/Frameworks/CoreServices.framework/Versions/A/Frameworks/Metadata.framework/Versions/A/Metadata
0x00007ff81dd53000 	/System/Library/Frameworks/CoreServices.framework/Versions/A/Frameworks/OSServices.framework/Versions/A/OSServices
0x00007ff81e247000 	/System/Library/Frameworks/CoreServices.framework/Versions/A/Frameworks/SearchKit.framework/Versions/A/SearchKit
0x00007ff819536000 	/System/Library/Frameworks/CoreServices.framework/Versions/A/Frameworks/AE.framework/Versions/A/AE
0x00007ff8133ad000 	/System/Library/Frameworks/CoreServices.framework/Versions/A/Frameworks/LaunchServices.framework/Versions/A/LaunchServices
0x00007ff81e790000 	/System/Library/Frameworks/CoreServices.framework/Versions/A/Frameworks/DictionaryServices.framework/Versions/A/DictionaryServices
0x00007ff81a98d000 	/System/Library/Frameworks/CoreServices.framework/Versions/A/Frameworks/SharedFileList.framework/Versions/A/SharedFileList
0x00007ff81d6a9000 	/usr/lib/libCheckFix.dylib
0x00007ff817d00000 	/System/Library/PrivateFrameworks/TCC.framework/Versions/A/TCC
0x00007ff81c8ed000 	/System/Library/PrivateFrameworks/CoreNLP.framework/Versions/A/CoreNLP
0x00007ff819798000 	/System/Library/PrivateFrameworks/MetadataUtilities.framework/Versions/A/MetadataUtilities
0x00007ff813a19000 	/usr/lib/libmecabra.dylib
0x00007ff81d6dc000 	/usr/lib/libmecab.dylib
0x00007ff8139e4000 	/usr/lib/libCRFSuite.dylib
0x00007ff81d739000 	/usr/lib/libgermantok.dylib
0x00007ff81e2ae000 	/usr/lib/libThaiTokenizer.dylib
0x00007ff81988a000 	/System/Library/Frameworks/Accelerate.framework/Versions/A/Frameworks/vImage.framework/Versions/A/vImage
0x00007ff82436d000 	/System/Library/Frameworks/Accelerate.framework/Versions/A/Frameworks/vecLib.framework/Versions/A/vecLib
0x00007ff81e8a9000 	/System/Library/Frameworks/Accelerate.framework/Versions/A/Frameworks/vecLib.framework/Versions/A/libvMisc.dylib
0x00007ff81d0ef000 	/System/Library/Frameworks/Accelerate.framework/Versions/A/Frameworks/vecLib.framework/Versions/A/libvDSP.dylib
0x00007ff813725000 	/System/Library/Frameworks/Accelerate.framework/Versions/A/Frameworks/vecLib.framework/Versions/A/libBLAS.dylib
0x00007ff81e3e3000 	/System/Library/Frameworks/Accelerate.framework/Versions/A/Frameworks/vecLib.framework/Versions/A/libLAPACK.dylib
0x00007ff81d73c000 	/System/Library/Frameworks/Accelerate.framework/Versions/A/Frameworks/vecLib.framework/Versions/A/libLinearAlgebra.dylib
0x00007ff81e2ec000 	/System/Library/Frameworks/Accelerate.framework/Versions/A/Frameworks/vecLib.framework/Versions/A/libSparseBLAS.dylib
0x00007ff81e3dd000 	/System/Library/Frameworks/Accelerate.framework/Versions/A/Frameworks/vecLib.framework/Versions/A/libQuadrature.dylib
0x00007ff81c9d7000 	/System/Library/Frameworks/Accelerate.framework/Versions/A/Frameworks/vecLib.framework/Versions/A/libBNNS.dylib
0x00007ff8138fa000 	/System/Library/Frameworks/Accelerate.framework/Versions/A/Frameworks/vecLib.framework/Versions/A/libSparse.dylib
0x00007ff81c9d0000 	/System/Library/PrivateFrameworks/LinguisticData.framework/Versions/A/LinguisticData
0x00007ff8138af000 	/System/Library/PrivateFrameworks/Lexicon.framework/Versions/A/Lexicon
0x00007ff81e8a2000 	/usr/lib/libChineseTokenizer.dylib
0x00007ff814013000 	/System/Library/PrivateFrameworks/LanguageModeling.framework/Versions/A/LanguageModeling
0x00007ff81e2b0000 	/System/Library/PrivateFrameworks/AppleSauce.framework/Versions/A/AppleSauce
0x00007ff81d2e9000 	/System/Library/PrivateFrameworks/CoreEmoji.framework/Versions/A/CoreEmoji
0x00007ff81e1b0000 	/usr/lib/libcmph.dylib
0x00007ff81a964000 	/System/Library/Frameworks/OpenDirectory.framework/Versions/A/Frameworks/CFOpenDirectory.framework/Versions/A/CFOpenDirectory
0x00007ff81a958000 	/System/Library/Frameworks/OpenDirectory.framework/Versions/A/OpenDirectory
0x00007ff81e7fb000 	/System/Library/PrivateFrameworks/APFS.framework/Versions/A/APFS
0x00007ff81d60a000 	/System/Library/Frameworks/SecurityFoundation.framework/Versions/A/SecurityFoundation
0x00007ff81e876000 	/usr/lib/libutil.dylib
0x00007ff8156ec000 	/System/Library/PrivateFrameworks/CoreServicesStore.framework/Versions/A/CoreServicesStore
0x00007ff81e87a000 	/usr/lib/libxslt.1.dylib
0x00007ff81d697000 	/System/Library/PrivateFrameworks/BackgroundTaskManagement.framework/Versions/A/BackgroundTaskManagement
0x00007ff81fda3000 	/System/Library/Frameworks/ImageIO.framework/Versions/A/Resources/libRadiance.dylib
0x00007ff81fdac000 	/System/Library/Frameworks/ImageIO.framework/Versions/A/Resources/libJPEG.dylib
0x00007ff81fcfd000 	/System/Library/Frameworks/ImageIO.framework/Versions/A/Resources/libPng.dylib
0x00007ff81fd1e000 	/System/Library/Frameworks/ImageIO.framework/Versions/A/Resources/libTIFF.dylib
0x00007ff81fe0a000 	/System/Library/Frameworks/ImageIO.framework/Versions/A/Resources/libGIF.dylib
0x00007ff81f632000 	/System/Library/Frameworks/ImageIO.framework/Versions/A/Resources/libJP2.dylib
0x00007ff81ed74000 	/usr/lib/libexpat.1.dylib
0x00007ff81f5e7000 	/System/Library/PrivateFrameworks/AppleJPEG.framework/Versions/A/AppleJPEG
0x00007ff81be2e000 	/System/Library/PrivateFrameworks/FontServices.framework/libFontParser.dylib
0x00007ff8194e0000 	/System/Library/PrivateFrameworks/RunningBoardServices.framework/Versions/A/RunningBoardServices
0x00007ff82a50d000 	/System/Library/PrivateFrameworks/IOSurfaceAccelerator.framework/Versions/A/IOSurfaceAccelerator
0x00007ff81f711000 	/System/Library/PrivateFrameworks/WatchdogClient.framework/Versions/A/WatchdogClient
0x00007ff814102000 	/System/Library/Frameworks/CoreDisplay.framework/Versions/A/CoreDisplay
0x00007ff81bd2e000 	/System/Library/Frameworks/CoreMedia.framework/Versions/A/CoreMedia
0x00007ff81bbcb000 	/System/Library/PrivateFrameworks/IOAccelerator.framework/Versions/A/IOAccelerator
0x00007ff81aae0000 	/System/Library/Frameworks/CoreVideo.framework/Versions/A/CoreVideo
0x00007ff81e2ff000 	/System/Library/Frameworks/MetalPerformanceShaders.framework/Versions/A/MetalPerformanceShaders
0x00007ff81f74c000 	/System/Library/Frameworks/VideoToolbox.framework/Versions/A/VideoToolbox
0x00007ff819428000 	/System/Library/PrivateFrameworks/BaseBoard.framework/Versions/A/BaseBoard
0x00007ff8191b9000 	/System/Library/PrivateFrameworks/ProtocolBuffer.framework/Versions/A/ProtocolBuffer
0x00007ff81fd9c000 	/System/Library/PrivateFrameworks/GPUWrangler.framework/Versions/A/GPUWrangler
0x00007ff81fd7f000 	/System/Library/PrivateFrameworks/IOPresentment.framework/Versions/A/IOPresentment
0x00007ff81fda6000 	/System/Library/PrivateFrameworks/DSExternalDisplay.framework/Versions/A/DSExternalDisplay
0x00007ffa2b14f000 	/System/Library/Frameworks/OpenGL.framework/Versions/A/Libraries/libCoreFSCache.dylib
0x00007ffb170fc000 	/System/Library/PrivateFrameworks/GPUCompiler.framework/Versions/31001/Libraries/libGPUCompilerUtils.dylib
0x00007ff81fe0f000 	/System/Library/PrivateFrameworks/CMCaptureCore.framework/Versions/A/CMCaptureCore
0x00007ff81f320000 	/System/Library/PrivateFrameworks/AppServerSupport.framework/Versions/A/AppServerSupport
0x00007ff8214ea000 	/System/Library/PrivateFrameworks/perfdata.framework/Versions/A/perfdata
0x00007ff81422e000 	/System/Library/PrivateFrameworks/AudioToolboxCore.framework/Versions/A/AudioToolboxCore
0x00007ff81bd0b000 	/System/Library/PrivateFrameworks/caulk.framework/Versions/A/caulk
0x00007ff820e17000 	/usr/lib/libAudioStatistics.dylib
0x00007ff917fab000 	/System/Library/PrivateFrameworks/SystemPolicy.framework/Versions/A/SystemPolicy
0x00007ff821063000 	/usr/lib/libSMC.dylib
0x00007ff829e4f000 	/System/Library/Frameworks/CoreMIDI.framework/Versions/A/CoreMIDI
0x00007ff81fccd000 	/usr/lib/libAudioToolboxUtility.dylib
0x00007ff914433000 	/System/Library/PrivateFrameworks/OSAServicesClient.framework/Versions/A/OSAServicesClient
0x00007ff8214f7000 	/usr/lib/libperfcheck.dylib
0x00007ff918a37000 	/usr/lib/libmis.dylib
0x00007ffa2b1ab000 	/System/Library/Frameworks/OpenGL.framework/Versions/A/Libraries/libGLU.dylib
0x00007ffa2b16e000 	/System/Library/Frameworks/OpenGL.framework/Versions/A/Libraries/libGFXShared.dylib
0x00007ffa2b37c000 	/System/Library/Frameworks/OpenGL.framework/Versions/A/Libraries/libGL.dylib
0x00007ffa2b177000 	/System/Library/Frameworks/OpenGL.framework/Versions/A/Libraries/libGLImage.dylib
0x00007ffa2b16b000 	/System/Library/Frameworks/OpenGL.framework/Versions/A/Libraries/libCVMSPluginSupport.dylib
0x00007ffa2b156000 	/System/Library/Frameworks/OpenGL.framework/Versions/A/Libraries/libCoreVMClient.dylib
0x00007ff81c86b000 	/System/Library/Frameworks/MetalPerformanceShaders.framework/Versions/A/Frameworks/MPSCore.framework/Versions/A/MPSCore
0x00007ff81dc9b000 	/System/Library/Frameworks/MetalPerformanceShaders.framework/Versions/A/Frameworks/MPSImage.framework/Versions/A/MPSImage
0x00007ff81d752000 	/System/Library/Frameworks/MetalPerformanceShaders.framework/Versions/A/Frameworks/MPSNeuralNetwork.framework/Versions/A/MPSNeuralNetwork
0x00007ff81dbc7000 	/System/Library/Frameworks/MetalPerformanceShaders.framework/Versions/A/Frameworks/MPSMatrix.framework/Versions/A/MPSMatrix
0x00007ff81d983000 	/System/Library/Frameworks/MetalPerformanceShaders.framework/Versions/A/Frameworks/MPSRayIntersector.framework/Versions/A/MPSRayIntersector
0x00007ff81dc00000 	/System/Library/Frameworks/MetalPerformanceShaders.framework/Versions/A/Frameworks/MPSNDArray.framework/Versions/A/MPSNDArray
0x00007ffa2fd54000 	/System/Library/Frameworks/MetalPerformanceShaders.framework/Versions/A/Frameworks/MPSFunctions.framework/Versions/A/MPSFunctions
0x00007ff813608000 	/System/Library/PrivateFrameworks/MetalTools.framework/Versions/A/MetalTools
0x00007ff81c8e5000 	/System/Library/PrivateFrameworks/AggregateDictionary.framework/Versions/A/AggregateDictionary
0x00007ff81eb56000 	/usr/lib/libIOReport.dylib
0x00007ffa2c78b000 	/System/Library/Frameworks/OpenCL.framework/Versions/A/OpenCL
0x00007ff81eeba000 	/System/Library/PrivateFrameworks/FaceCore.framework/Versions/A/FaceCore
0x00007ff81eeab000 	/System/Library/PrivateFrameworks/GraphVisualizer.framework/Versions/A/GraphVisualizer
0x00007ffb17007000 	/System/Library/PrivateFrameworks/FontServices.framework/Versions/A/FontServices
0x00007ff81f2d7000 	/System/Library/PrivateFrameworks/OTSVG.framework/Versions/A/OTSVG
0x00007ff81a6c8000 	/System/Library/Frameworks/ApplicationServices.framework/Versions/A/Frameworks/ATS.framework/Versions/A/Resources/libFontRegistry.dylib
0x00007ff81f328000 	/System/Library/PrivateFrameworks/FontServices.framework/libhvf.dylib
0x00007ffb17008000 	/System/Library/PrivateFrameworks/FontServices.framework/libXTFontStaticRegistryData.dylib
0x00007ff81ed24000 	/System/Library/PrivateFrameworks/AppleVA.framework/Versions/A/AppleVA
0x00007ff820e37000 	/System/Library/Frameworks/ApplicationServices.framework/Versions/A/Frameworks/ATS.framework/Versions/A/ATS
0x00007ff8188d6000 	/System/Library/Frameworks/ApplicationServices.framework/Versions/A/Frameworks/HIServices.framework/Versions/A/HIServices
0x00007ff81fe19000 	/System/Library/Frameworks/ApplicationServices.framework/Versions/A/Frameworks/PrintCore.framework/Versions/A/PrintCore
0x00007ff8211b6000 	/System/Library/Frameworks/ApplicationServices.framework/Versions/A/Frameworks/QD.framework/Versions/A/QD
0x00007ff8211ae000 	/System/Library/Frameworks/ApplicationServices.framework/Versions/A/Frameworks/ColorSyncLegacy.framework/Versions/A/ColorSyncLegacy
0x00007ff820e27000 	/System/Library/Frameworks/ApplicationServices.framework/Versions/A/Frameworks/SpeechSynthesis.framework/Versions/A/SpeechSynthesis
0x00007ff81fdda000 	/System/Library/Frameworks/ApplicationServices.framework/Versions/A/Frameworks/ATSUI.framework/Versions/A/ATSUI
0x00007ff821143000 	/usr/lib/libcups.2.dylib
0x00007ff821506000 	/System/Library/Frameworks/Kerberos.framework/Versions/A/Kerberos
0x00007ff821515000 	/System/Library/Frameworks/GSS.framework/Versions/A/GSS
0x00007ff820ea3000 	/usr/lib/libresolv.9.dylib
0x00007ff81f337000 	/System/Library/PrivateFrameworks/Heimdal.framework/Versions/A/Heimdal
0x00007ff827fb9000 	/System/Library/Frameworks/Kerberos.framework/Versions/A/Libraries/libHeimdalProxy.dylib
0x00007ff8195b5000 	/System/Library/Frameworks/Network.framework/Versions/A/Network
0x00007ff81ed8e000 	/usr/lib/libheimdal-asn1.dylib
0x00007ff821560000 	/System/Library/PrivateFrameworks/CommonAuth.framework/Versions/A/CommonAuth
0x00007ff820da8000 	/System/Library/PrivateFrameworks/AudioSession.framework/Versions/A/AudioSession
0x00007ff81ee1e000 	/System/Library/PrivateFrameworks/MediaExperience.framework/Versions/A/MediaExperience
0x00007ff820c3c000 	/System/Library/PrivateFrameworks/AudioSession.framework/libSessionUtility.dylib
0x00007ff8211c2000 	/System/Library/PrivateFrameworks/AudioResourceArbitration.framework/Versions/A/AudioResourceArbitration
0x00007ff81ed97000 	/System/Library/PrivateFrameworks/IconFoundation.framework/Versions/A/IconFoundation
0x00007ff823f9c000 	/System/Library/PrivateFrameworks/SpeechRecognitionCore.framework/Versions/A/SpeechRecognitionCore
0x00007ffa1c622000 	/System/Library/CoreServices/Encodings/libSimplifiedChineseConverter.dylib
0x000000010dad2000 	/Library/Java/JavaVirtualMachines/temurin-16.jdk/Contents/Home/lib/server/libjvm.dylib
0x000000010c9e6000 	/Library/Java/JavaVirtualMachines/temurin-16.jdk/Contents/Home/lib/libjimage.dylib
0x000000010ca6c000 	/Library/Java/JavaVirtualMachines/temurin-16.jdk/Contents/Home/lib/libjava.dylib
0x000000010d654000 	/Library/Java/JavaVirtualMachines/temurin-16.jdk/Contents/Home/lib/libnio.dylib
0x000000010d69d000 	/Library/Java/JavaVirtualMachines/temurin-16.jdk/Contents/Home/lib/libnet.dylib
0x000000010d6da000 	/Library/Java/JavaVirtualMachines/temurin-16.jdk/Contents/Home/lib/libzip.dylib
0x000000010d864000 	/Library/Java/JavaVirtualMachines/temurin-16.jdk/Contents/Home/lib/libawt.dylib
0x0000000132e18000 	/Library/Java/JavaVirtualMachines/temurin-16.jdk/Contents/Home/lib/libmlib_image.dylib
0x00007ffa2fcb6000 	/System/Library/Frameworks/JavaNativeFoundation.framework/Versions/A/JavaNativeFoundation
0x00007ffa2fcc2000 	/System/Library/Frameworks/JavaRuntimeSupport.framework/Versions/A/JavaRuntimeSupport
0x00007ff917afc000 	/System/Library/Frameworks/Carbon.framework/Versions/A/Carbon
0x00007ff8263f2000 	/System/Library/PrivateFrameworks/CoreSymbolication.framework/Versions/A/CoreSymbolication
0x00007ff82b853000 	/System/Library/Frameworks/Carbon.framework/Versions/A/Frameworks/CommonPanels.framework/Versions/A/CommonPanels
0x00007ff8279c0000 	/System/Library/Frameworks/Carbon.framework/Versions/A/Frameworks/Help.framework/Versions/A/Help
0x00007ff82b857000 	/System/Library/Frameworks/Carbon.framework/Versions/A/Frameworks/ImageCapture.framework/Versions/A/ImageCapture
0x00007ff82b827000 	/System/Library/Frameworks/Carbon.framework/Versions/A/Frameworks/OpenScripting.framework/Versions/A/OpenScripting
0x00007ff82b84f000 	/System/Library/Frameworks/Carbon.framework/Versions/A/Frameworks/Ink.framework/Versions/A/Ink
0x00007ff917af8000 	/System/Library/Frameworks/Carbon.framework/Versions/A/Frameworks/Print.framework/Versions/A/Print
0x00007ff82b84b000 	/System/Library/Frameworks/Carbon.framework/Versions/A/Frameworks/SecurityHI.framework/Versions/A/SecurityHI
0x00007ff8263b7000 	/System/Library/PrivateFrameworks/DebugSymbols.framework/Versions/A/DebugSymbols
0x0000000135445000 	/Library/Java/JavaVirtualMachines/temurin-16.jdk/Contents/Home/lib/libawt_lwawt.dylib
0x000000010d7f6000 	/Library/Java/JavaVirtualMachines/temurin-16.jdk/Contents/Home/lib/libosxapp.dylib
0x00007ff916f5d000 	/System/Library/Frameworks/ExceptionHandling.framework/Versions/A/ExceptionHandling
0x000000010d9df000 	/Library/Java/JavaVirtualMachines/temurin-16.jdk/Contents/Home/lib/libfontmanager.dylib
0x0000000135756000 	/Library/Java/JavaVirtualMachines/temurin-16.jdk/Contents/Home/lib/libharfbuzz.dylib
0x00000001355cb000 	/Library/Java/JavaVirtualMachines/temurin-16.jdk/Contents/Home/lib/libfreetype.dylib
0x00007ff8156ad000 	/System/Library/PrivateFrameworks/CoreServicesInternal.framework/Versions/A/CoreServicesInternal
0x00007ff82576d000 	/System/Library/Frameworks/FileProvider.framework/Versions/A/FileProvider
0x00007ff819394000 	/System/Library/Frameworks/Accounts.framework/Versions/A/Accounts
0x00007ff8258e5000 	/System/Library/PrivateFrameworks/GenerationalStorage.framework/Versions/A/GenerationalStorage
0x00007ff825171000 	/System/Library/PrivateFrameworks/SymptomDiagnosticReporter.framework/Versions/A/SymptomDiagnosticReporter
0x00007ff81696c000 	/System/Library/PrivateFrameworks/DesktopServicesPriv.framework/Versions/A/DesktopServicesPriv
0x00007ff8157ee000 	/usr/lib/libsandbox.1.dylib
0x00007ff81ab5e000 	/System/Library/PrivateFrameworks/UserManagement.framework/Versions/A/UserManagement
0x00007ff8211a3000 	/System/Library/PrivateFrameworks/NetAuth.framework/Versions/A/NetAuth
0x00007ff82208f000 	/System/Library/PrivateFrameworks/Sharing.framework/Versions/A/Sharing
0x00007ff81ab31000 	/System/Library/PrivateFrameworks/login.framework/Versions/A/Frameworks/loginsupport.framework/Versions/A/loginsupport
0x00007ff8274ef000 	/System/Library/PrivateFrameworks/Apple80211.framework/Versions/A/Apple80211
0x00007ff81dd80000 	/System/Library/PrivateFrameworks/AuthKit.framework/Versions/A/AuthKit
0x00007ff81d3df000 	/System/Library/PrivateFrameworks/CoreUtils.framework/Versions/A/CoreUtils
0x00007ff81d306000 	/System/Library/Frameworks/CoreWLAN.framework/Versions/A/CoreWLAN
0x00007ff8221ea000 	/System/Library/Frameworks/IOBluetooth.framework/Versions/A/IOBluetooth
0x00007ff827557000 	/System/Library/PrivateFrameworks/CoreWiFi.framework/Versions/A/CoreWiFi
0x00007ff825f8c000 	/System/Library/PrivateFrameworks/FrontBoardServices.framework/Versions/A/FrontBoardServices
0x00007ff82601e000 	/System/Library/PrivateFrameworks/BoardServices.framework/Versions/A/BoardServices
0x00007ff81d5f9000 	/System/Library/PrivateFrameworks/AssertionServices.framework/Versions/A/AssertionServices
0x00007ff8276db000 	/System/Library/PrivateFrameworks/BackBoardServices.framework/Versions/A/BackBoardServices
0x00007ff8215ef000 	/System/Library/PrivateFrameworks/CorePhoneNumbers.framework/Versions/A/CorePhoneNumbers
0x00007ff82528e000 	/System/Library/PrivateFrameworks/DiskManagement.framework/Versions/A/DiskManagement
0x00007ff8251a2000 	/System/Library/PrivateFrameworks/AppleIDAuthSupport.framework/Versions/A/AppleIDAuthSupport
0x00007ffa31cba000 	/System/Library/PrivateFrameworks/AAAFoundation.framework/Versions/A/AAAFoundation
0x00007ff8215d0000 	/System/Library/PrivateFrameworks/KeychainCircle.framework/Versions/A/KeychainCircle
0x00007ff82525a000 	/System/Library/PrivateFrameworks/MediaKit.framework/Versions/A/MediaKit
0x00007ff8251ae000 	/System/Library/Frameworks/DiscRecording.framework/Versions/A/DiscRecording
0x00007ff81ec9c000 	/usr/lib/libCoreStorage.dylib
0x00007ff8279c8000 	/usr/lib/libcsfde.dylib
0x00007ff8222b7000 	/System/Library/PrivateFrameworks/ProtectedCloudStorage.framework/Versions/A/ProtectedCloudStorage
0x00007ff8279c4000 	/System/Library/PrivateFrameworks/EFILogin.framework/Versions/A/EFILogin
0x00007ff82590b000 	/System/Library/PrivateFrameworks/OctagonTrust.framework/Versions/A/OctagonTrust
0x00007ffb16341000 	/System/Library/PrivateFrameworks/CoreUtilsExtras.framework/Versions/A/CoreUtilsExtras
0x00007ff8250e1000 	/System/Library/Frameworks/CoreBluetooth.framework/Versions/A/CoreBluetooth
0x00007ff82803e000 	/System/Library/Frameworks/AudioUnit.framework/Versions/A/AudioUnit
0x00007ff81ec94000 	/usr/lib/libMatch.1.dylib
0x00007ff91f53d000 	/System/Library/CoreServices/RawCamera.bundle/Contents/MacOS/RawCamera
0x00007ff821570000 	/System/Library/PrivateFrameworks/MobileAsset.framework/Versions/A/MobileAsset
0x00007ff828065000 	/System/Library/PrivateFrameworks/StreamingZip.framework/Versions/A/StreamingZip
0x00007ffb137a9000 	/System/Library/PrivateFrameworks/CMPhoto.framework/Versions/A/CMPhoto
0x00007ff82628d000 	/System/Library/PrivateFrameworks/AppleVPA.framework/Versions/A/AppleVPA
0x00007ff820041000 	/System/Library/Frameworks/MediaToolbox.framework/Versions/A/MediaToolbox
0x00007ff82573d000 	/System/Library/PrivateFrameworks/CoreAVCHD.framework/Versions/A/CoreAVCHD
0x00007ff824627000 	/System/Library/Frameworks/MediaAccessibility.framework/Versions/A/MediaAccessibility
0x00007ff825739000 	/System/Library/PrivateFrameworks/Mangrove.framework/Versions/A/Mangrove
0x00007ff824632000 	/System/Library/PrivateFrameworks/AlgosScoreFramework.framework/Versions/A/AlgosScoreFramework
0x00007ff82537e000 	/System/Library/PrivateFrameworks/CoreAUC.framework/Versions/A/CoreAUC
0x00007ff91ce0a000 	/System/Library/Frameworks/Accelerate.framework/Versions/A/Frameworks/vImage.framework/Versions/A/Libraries/libCGInterfaces.dylib
0x0000000137d71000 	/usr/lib/libobjc-trampolines.dylib
0x00007ff81a858000 	/System/Library/PrivateFrameworks/ViewBridge.framework/Versions/A/ViewBridge
0x00007ff81f3f1000 	/System/Library/PrivateFrameworks/login.framework/Versions/A/login
0x00007ffa2b387000 	/System/Library/Frameworks/OpenGL.framework/Versions/A/Resources/GLEngine.bundle/GLEngine
0x00007ffa2b1e9000 	/System/Library/Frameworks/OpenGL.framework/Versions/A/Libraries/libGLProgrammability.dylib
0x00000001395a8000 	/System/Library/Extensions/AppleMetalOpenGLRenderer.bundle/Contents/MacOS/AppleMetalOpenGLRenderer
0x00007ffa2b516000 	/System/Library/Frameworks/OpenGL.framework/Versions/A/Resources/GLRendererFloat.bundle/GLRendererFloat
0x00007ffa2d2f5000 	/System/Library/Extensions/AGXMetal13_3.bundle/Contents/MacOS/AGXMetal13_3
0x00007ff918a52000 	/System/Library/PrivateFrameworks/GPURawCounter.framework/Versions/A/GPURawCounter
0x00007ff9135cf000 	/System/Library/PrivateFrameworks/IOGPU.framework/Versions/A/IOGPU
0x000000013974c000 	/Library/Java/JavaVirtualMachines/temurin-16.jdk/Contents/Home/lib/libosxui.dylib
0x00000001398df000 	/private/var/folders/py/85xwz_md09jf9w8wj696nf4w0000gn/T/jogamp_0000/file_cache/jln12111652386719824024/jln2364634796461478952/natives/macosx-universal/libgluegen_rt.dylib
0x0000000139955000 	/private/var/folders/py/85xwz_md09jf9w8wj696nf4w0000gn/T/jogamp_0000/file_cache/jln12111652386719824024/jln2364634796461478952/natives/macosx-universal/libnativewindow_awt.dylib
0x0000000139968000 	/Library/Java/JavaVirtualMachines/temurin-16.jdk/Contents/Home/lib/libjawt.dylib
0x00000001399b7000 	/private/var/folders/py/85xwz_md09jf9w8wj696nf4w0000gn/T/jogamp_0000/file_cache/jln12111652386719824024/jln2364634796461478952/natives/macosx-universal/libnativewindow_macosx.dylib
0x000000013a400000 	/private/var/folders/py/85xwz_md09jf9w8wj696nf4w0000gn/T/jogamp_0000/file_cache/jln12111652386719824024/jln2364634796461478952/natives/macosx-universal/libjogl_desktop.dylib
0x0000000139a5b000 	/private/var/folders/py/85xwz_md09jf9w8wj696nf4w0000gn/T/jogamp_0000/file_cache/jln12111652386719824024/jln2364634796461478952/natives/macosx-universal/libjogl_mobile.dylib
0x00007ffa1718a000 	/System/Library/CoreServices/Encodings/libJapaneseConverter.dylib
0x00007ffa1c5fe000 	/System/Library/CoreServices/Encodings/libKoreanConverter.dylib
0x00007ffb28c0b000 	/usr/lib/libRosetta.dylib


VM Arguments:
jvm_args: -XX:+ShowCodeDetailsInExceptionMessages 
java_command: M04
java_class_path (initial): /Users/yusiyuan/Library/Application Support/Code/User/workspaceStorage/565d0758bf1db230bec1e106c602e08b/redhat.java/jdt_ws/final test_89665a52/bin:/Users/yusiyuan/jogl24/jar/gluegen-rt.jar:/Users/yusiyuan/jogl24/jar/jogl-all.jar
Launcher Type: SUN_STANDARD

[Global flags]
     intx CICompilerCount                          = 4                                         {product} {ergonomic}
     uint ConcGCThreads                            = 2                                         {product} {ergonomic}
     uint G1ConcRefinementThreads                  = 8                                         {product} {ergonomic}
   size_t G1HeapRegionSize                         = 2097152                                   {product} {ergonomic}
    uintx GCDrainStackTargetSize                   = 64                                        {product} {ergonomic}
   size_t InitialHeapSize                          = 268435456                                 {product} {ergonomic}
   size_t MarkStackSize                            = 4194304                                   {product} {ergonomic}
   size_t MaxHeapSize                              = 4294967296                                {product} {ergonomic}
   size_t MaxNewSize                               = 2575302656                                {product} {ergonomic}
   size_t MinHeapDeltaBytes                        = 2097152                                   {product} {ergonomic}
   size_t MinHeapSize                              = 8388608                                   {product} {ergonomic}
    uintx NonNMethodCodeHeapSize                   = 5839372                                {pd product} {ergonomic}
    uintx NonProfiledCodeHeapSize                  = 122909434                              {pd product} {ergonomic}
    uintx ProfiledCodeHeapSize                     = 122909434                              {pd product} {ergonomic}
    uintx ReservedCodeCacheSize                    = 251658240                              {pd product} {ergonomic}
     bool SegmentedCodeCache                       = true                                      {product} {ergonomic}
     bool ShowCodeDetailsInExceptionMessages       = true                                   {manageable} {command line}
   size_t SoftMaxHeapSize                          = 4294967296                             {manageable} {ergonomic}
     bool UseCompressedClassPointers               = true                           {product lp64_product} {ergonomic}
     bool UseCompressedOops                        = true                           {product lp64_product} {ergonomic}
     bool UseG1GC                                  = true                                      {product} {ergonomic}
     bool UseNUMA                                  = false                                     {product} {ergonomic}
     bool UseNUMAInterleaving                      = false                                     {product} {ergonomic}

Logging:
Log output configuration:
 #0: stdout all=warning uptime,level,tags
 #1: stderr all=off uptime,level,tags

Environment Variables:
PATH=/usr/local/bin:/usr/bin:/bin:/usr/sbin:/sbin:/Library/Apple/usr/bin:/Users/yusiyuan/opt/anaconda3/bin:/Users/yusiyuan/opt/anaconda3/condabin
SHELL=/bin/zsh
LANG=zh_CN.UTF-8

Signal Handlers:
SIGSEGV: [libjvm.dylib+0xb150c0], sa_mask[0]=11100110100111111111111111111111, sa_flags=SA_ONSTACK|SA_RESTART|SA_SIGINFO
SIGBUS: [libjvm.dylib+0xb150c0], sa_mask[0]=11100110100111111111111111111111, sa_flags=SA_RESTART|SA_SIGINFO
SIGFPE: [libjvm.dylib+0xb150c0], sa_mask[0]=11100110100111111111111111111111, sa_flags=SA_RESTART|SA_SIGINFO
SIGPIPE: [libjvm.dylib+0x9dbf50], sa_mask[0]=11100110100111111111111111111111, sa_flags=SA_RESTART|SA_SIGINFO
SIGXFSZ: [libjvm.dylib+0x9dbf50], sa_mask[0]=11100110100111111111111111111111, sa_flags=SA_RESTART|SA_SIGINFO
SIGILL: [libjvm.dylib+0xb150c0], sa_mask[0]=11100110100111111111111111111111, sa_flags=SA_RESTART|SA_SIGINFO
SIGUSR2: [libjvm.dylib+0x9dca00], sa_mask[0]=00000000000000000000000000000000, sa_flags=SA_RESTART|SA_SIGINFO
SIGHUP: [libjvm.dylib+0x9dafb0], sa_mask[0]=11100110100111111111111111111111, sa_flags=SA_RESTART|SA_SIGINFO
SIGINT: [libjvm.dylib+0x9dafb0], sa_mask[0]=11100110100111111111111111111111, sa_flags=SA_RESTART|SA_SIGINFO
SIGTERM: [libjvm.dylib+0x9dafb0], sa_mask[0]=11100110100111111111111111111111, sa_flags=SA_RESTART|SA_SIGINFO
SIGQUIT: [libjvm.dylib+0x9dafb0], sa_mask[0]=11100110100111111111111111111111, sa_flags=SA_RESTART|SA_SIGINFO
SIGTRAP: [libjvm.dylib+0xb150c0], sa_mask[0]=11100110100111111111111111111111, sa_flags=SA_RESTART|SA_SIGINFO


---------------  S Y S T E M  ---------------

OS:uname: Darwin 21.1.0 Darwin Kernel Version 21.1.0: Wed Oct 13 17:33:24 PDT 2021; root:xnu-8019.41.5~1/RELEASE_ARM64_T8101 x86_64
OS uptime: 0 days 0:16 hours
rlimit (soft/hard): STACK 8176k/65520k , CORE 0k/infinity , NPROC 2666/4000 , NOFILE 10240/infinity , AS infinity/infinity , CPU infinity/infinity , DATA infinity/infinity , FSIZE infinity/infinity , MEMLOCK infinity/infinity , RSS infinity/infinity
load average: 1.87 3.31 5.27

CPU: total 8 (initial active 8) (1 cores per cpu, 1 threads per core) family 6 model 44 stepping 0 microcode 0x0, cx8, cmov, fxsr, mmx, sse, sse2, sse3, ssse3, sse4.1, sse4.2, popcnt, tsc, tscinvbit, aes, clmul, clflush

Memory: 4k page, physical 16777216k(41572k free), swap 0k(0k free)

vm_info: OpenJDK 64-Bit Server VM (16.0.2+7) for bsd-amd64 JRE (16.0.2+7), built on Jul 22 2021 21:17:12 by "jenkins" with clang 4.2.1 Compatible Apple LLVM 10.0.1 (clang-1001.0.46.4)

END.
